<?xml version='1.0' encoding='UTF-8'?>
<coverage line-rate="0.7036462373933282" branch-rate="0.501779359430605" lines-covered="907" lines-valid="1289" branches-covered="282" branches-valid="562" complexity="0.0" timestamp="1768175278" version="gcovr 7.0"><sources><source>../..</source></sources><packages><package name="inc" line-rate="0.8666666666666667" branch-rate="0.625" complexity="0.0"><classes><class name="logs_h" filename="inc/logs.h" line-rate="0.8666666666666667" branch-rate="0.625" complexity="0.0"><methods/><lines><line number="304" hits="19188" branch="false"/><line number="313" hits="19188" branch="false"/><line number="315" hits="19188" branch="false"/><line number="321" hits="19188" branch="false"/><line number="323" hits="19188" branch="false"/><line number="325" hits="19188" branch="false"/><line number="327" hits="19188" branch="true" condition-coverage="50% (1/2)"><conditions><condition number="0" type="jump" coverage="50%"/></conditions></line><line number="329" hits="0" branch="false"/><line number="330" hits="0" branch="false"/><line number="333" hits="19188" branch="false"/><line number="335" hits="19188" branch="false"/><line number="337" hits="19188" branch="false"/><line number="339" hits="19188" branch="false"/><line number="340" hits="19188" branch="false"/><line number="346" hits="19188" branch="true" condition-coverage="50% (1/2)"><conditions><condition number="0" type="jump" coverage="50%"/></conditions></line><line number="347" hits="0" branch="false"/><line number="350" hits="19188" branch="false"/><line number="352" hits="19188" branch="true" condition-coverage="100% (2/2)"><conditions><condition number="0" type="jump" coverage="100%"/></conditions></line><line number="353" hits="19188" branch="false"/><line number="355" hits="19188" branch="false"/><line number="362" hits="19188" branch="true" condition-coverage="50% (1/2)"><conditions><condition number="0" type="jump" coverage="50%"/></conditions></line><line number="363" hits="0" branch="false"/><line number="365" hits="19188" branch="false"/><line number="368" hits="19188" branch="false"/><line number="369" hits="19188" branch="false"/><line number="370" hits="19188" branch="false"/><line number="372" hits="19188" branch="false"/><line number="373" hits="19188" branch="false"/><line number="375" hits="19188" branch="false"/><line number="376" hits="19188" branch="false"/></lines></class></classes></package><package name="src" line-rate="0.6067653276955602" branch-rate="0.45" complexity="0.0"><classes><class name="libmemalloc_c" filename="src/libmemalloc.c" line-rate="0.6067653276955602" branch-rate="0.45" complexity="0.0"><methods/><lines><line number="1112" hits="9" branch="false"/><line number="1114" hits="9" branch="false"/><line number="1116" hits="9" branch="false"/><line number="1117" hits="9" branch="false"/><line number="1119" hits="9" branch="false"/><line number="1121" hits="9" branch="false"/><line number="1142" hits="9" branch="false"/><line number="1144" hits="9" branch="false"/><line number="1148" hits="9" branch="false"/><line number="1150" hits="9" branch="false"/><line number="1152" hits="9" branch="false"/><line number="1153" hits="9" branch="false"/><line number="1155" hits="9" branch="false"/><line number="1157" hits="9" branch="false"/><line number="1159" hits="9" branch="true" condition-coverage="50% (1/2)"><conditions><condition number="0" type="jump" coverage="50%"/></conditions></line><line number="1161" hits="0" branch="false"/><line number="1162" hits="0" branch="false"/><line number="1166" hits="0" branch="false"/><line number="1169" hits="9" branch="false"/><line number="1171" hits="9" branch="false"/><line number="1172" hits="9" branch="true" condition-coverage="50% (1/2)"><conditions><condition number="0" type="jump" coverage="50%"/></conditions></line><line number="1173" hits="0" branch="false"/><line number="1175" hits="9" branch="false"/><line number="1176" hits="9" branch="true" condition-coverage="50% (1/2)"><conditions><condition number="0" type="jump" coverage="50%"/></conditions></line><line number="1177" hits="0" branch="false"/><line number="1179" hits="9" branch="false"/><line number="1180" hits="9" branch="true" condition-coverage="50% (1/2)"><conditions><condition number="0" type="jump" coverage="50%"/></conditions></line><line number="1181" hits="0" branch="false"/><line number="1183" hits="9" branch="false"/><line number="1184" hits="9" branch="true" condition-coverage="50% (1/2)"><conditions><condition number="0" type="jump" coverage="50%"/></conditions></line><line number="1185" hits="0" branch="false"/><line number="1187" hits="9" branch="true" condition-coverage="50% (1/2)"><conditions><condition number="0" type="jump" coverage="50%"/></conditions></line><line number="1188" hits="9" branch="false"/><line number="1190" hits="9" branch="false"/><line number="1192" hits="9" branch="false"/><line number="1193" hits="9" branch="true" condition-coverage="50% (1/2)"><conditions><condition number="0" type="jump" coverage="50%"/></conditions></line><line number="1195" hits="9" branch="false"/><line number="1196" hits="9" branch="false"/><line number="1200" hits="0" branch="false"/><line number="1201" hits="0" branch="false"/><line number="1204" hits="9" branch="true" condition-coverage="50% (1/2)"><conditions><condition number="0" type="jump" coverage="50%"/></conditions></line><line number="1210" hits="9" branch="false"/><line number="1211" hits="9" branch="false"/><line number="1234" hits="1104" branch="false"/><line number="1236" hits="1104" branch="false"/><line number="1238" hits="1104" branch="false"/><line number="1239" hits="1104" branch="false"/><line number="1240" hits="1104" branch="false"/><line number="1242" hits="1104" branch="false"/><line number="1244" hits="1104" branch="false"/><line number="1246" hits="1104" branch="false"/><line number="1248" hits="1104" branch="true" condition-coverage="50% (2/4)"><conditions><condition number="0" type="jump" coverage="50%"/></conditions></line><line number="1250" hits="0" branch="false"/><line number="1251" hits="0" branch="false"/><line number="1256" hits="0" branch="false"/><line number="1259" hits="1104" branch="false"/><line number="1261" hits="1104" branch="true" condition-coverage="50% (1/2)"><conditions><condition number="0" type="jump" coverage="50%"/></conditions></line><line number="1263" hits="0" branch="false"/><line number="1264" hits="0" branch="true" condition-coverage="0% (0/4)"><conditions><condition number="0" type="jump" coverage="0%"/></conditions></line><line number="1266" hits="0" branch="false"/><line number="1267" hits="0" branch="false"/><line number="1271" hits="1104" branch="false"/><line number="1273" hits="141491" branch="true" condition-coverage="100% (2/2)"><conditions><condition number="0" type="jump" coverage="100%"/></conditions></line><line number="1275" hits="140387" branch="false"/><line number="1276" hits="140387" branch="false"/><line number="1277" hits="140387" branch="false"/><line number="1278" hits="140387" branch="false"/><line number="1281" hits="1104" branch="false"/><line number="1282" hits="1104" branch="true" condition-coverage="50% (1/2)"><conditions><condition number="0" type="jump" coverage="50%"/></conditions></line><line number="1284" hits="0" branch="false"/><line number="1285" hits="0" branch="false"/><line number="1288" hits="1104" branch="false"/><line number="1289" hits="1104" branch="false"/><line number="1294" hits="1104" branch="false"/><line number="1295" hits="1104" branch="false"/><line number="1317" hits="2" branch="false"/><line number="1319" hits="2" branch="false"/><line number="1321" hits="2" branch="false"/><line number="1322" hits="2" branch="false"/><line number="1323" hits="2" branch="false"/><line number="1324" hits="2" branch="false"/><line number="1325" hits="2" branch="false"/><line number="1327" hits="2" branch="false"/><line number="1328" hits="2" branch="false"/><line number="1330" hits="2" branch="false"/><line number="1332" hits="2" branch="true" condition-coverage="50% (4/8)"><conditions><condition number="0" type="jump" coverage="50%"/></conditions></line><line number="1334" hits="0" branch="false"/><line number="1335" hits="0" branch="false"/><line number="1341" hits="0" branch="false"/><line number="1344" hits="2" branch="false"/><line number="1345" hits="2" branch="false"/><line number="1347" hits="2" branch="true" condition-coverage="50% (1/2)"><conditions><condition number="0" type="jump" coverage="50%"/></conditions></line><line number="1349" hits="0" branch="false"/><line number="1350" hits="0" branch="true" condition-coverage="0% (0/4)"><conditions><condition number="0" type="jump" coverage="0%"/></conditions></line><line number="1352" hits="0" branch="false"/><line number="1353" hits="0" branch="false"/><line number="1357" hits="6" branch="true" condition-coverage="100% (2/2)"><conditions><condition number="0" type="jump" coverage="100%"/></conditions></line><line number="1359" hits="4" branch="false"/><line number="1360" hits="4" branch="false"/><line number="1362" hits="4" branch="false"/><line number="1363" hits="4" branch="false"/><line number="1365" hits="4" branch="false"/><line number="1366" hits="4" branch="false"/><line number="1368" hits="4" branch="false"/><line number="1371" hits="2" branch="false"/><line number="1372" hits="2" branch="true" condition-coverage="50% (1/2)"><conditions><condition number="0" type="jump" coverage="50%"/></conditions></line><line number="1374" hits="0" branch="false"/><line number="1375" hits="0" branch="false"/><line number="1378" hits="2" branch="false"/><line number="1379" hits="2" branch="false"/><line number="1381" hits="2" branch="false"/><line number="1382" hits="2" branch="false"/><line number="1402" hits="1103" branch="false"/><line number="1404" hits="1103" branch="false"/><line number="1405" hits="1103" branch="false"/><line number="1407" hits="1103" branch="false"/><line number="1408" hits="1103" branch="true" condition-coverage="50% (1/2)"><conditions><condition number="0" type="jump" coverage="50%"/></conditions></line><line number="1410" hits="0" branch="false"/><line number="1411" hits="0" branch="false"/><line number="1414" hits="0" branch="false"/><line number="1417" hits="1103" branch="true" condition-coverage="50% (1/2)"><conditions><condition number="0" type="jump" coverage="50%"/></conditions></line><line number="1419" hits="0" branch="false"/><line number="1420" hits="0" branch="false"/><line number="1424" hits="0" branch="false"/><line number="1427" hits="1103" branch="false"/><line number="1428" hits="1103" branch="true" condition-coverage="50% (1/2)"><conditions><condition number="0" type="jump" coverage="50%"/></conditions></line><line number="1430" hits="0" branch="false"/><line number="1431" hits="0" branch="false"/><line number="1434" hits="0" branch="false"/><line number="1437" hits="1103" branch="false"/><line number="1442" hits="1103" branch="false"/><line number="1443" hits="1103" branch="false"/><line number="1468" hits="5251" branch="false"/><line number="1471" hits="5251" branch="false"/><line number="1473" hits="5251" branch="false"/><line number="1475" hits="5251" branch="false"/><line number="1476" hits="5251" branch="false"/><line number="1477" hits="5251" branch="false"/><line number="1478" hits="5251" branch="false"/><line number="1479" hits="5251" branch="false"/><line number="1481" hits="5251" branch="false"/><line number="1482" hits="5251" branch="false"/><line number="1483" hits="5251" branch="false"/><line number="1485" hits="5251" branch="false"/><line number="1486" hits="5251" branch="false"/><line number="1488" hits="5251" branch="false"/><line number="1489" hits="5251" branch="false"/><line number="1491" hits="5251" branch="true" condition-coverage="50% (2/4)"><conditions><condition number="0" type="jump" coverage="50%"/></conditions></line><line number="1493" hits="0" branch="false"/><line number="1494" hits="0" branch="false"/><line number="1498" hits="0" branch="false"/><line number="1501" hits="5251" branch="false"/><line number="1502" hits="5251" branch="false"/><line number="1503" hits="5251" branch="false"/><line number="1504" hits="5251" branch="false"/><line number="1505" hits="5251" branch="false"/><line number="1507" hits="5251" branch="true" condition-coverage="75% (3/4)"><conditions><condition number="0" type="jump" coverage="75%"/></conditions></line><line number="1509" hits="5250" branch="false"/><line number="1513" hits="1" branch="true" condition-coverage="50% (1/2)"><conditions><condition number="0" type="jump" coverage="50%"/></conditions></line><line number="1515" hits="0" branch="false"/><line number="1516" hits="0" branch="false"/><line number="1518" hits="0" branch="true" condition-coverage="0% (0/4)"><conditions><condition number="0" type="jump" coverage="0%"/></conditions></line><line number="1520" hits="0" branch="false"/><line number="1521" hits="0" branch="false"/><line number="1526" hits="5251" branch="true" condition-coverage="75% (3/4)"><conditions><condition number="0" type="jump" coverage="75%"/></conditions></line><line number="1528" hits="1" branch="false"/><line number="1529" hits="1" branch="false"/><line number="1535" hits="1" branch="false"/><line number="1538" hits="5250" branch="true" condition-coverage="50% (1/2)"><conditions><condition number="0" type="jump" coverage="50%"/></conditions></line><line number="1540" hits="0" branch="false"/><line number="1541" hits="0" branch="false"/><line number="1546" hits="0" branch="false"/><line number="1549" hits="5250" branch="true" condition-coverage="50% (1/2)"><conditions><condition number="0" type="jump" coverage="50%"/></conditions></line><line number="1551" hits="5250" branch="false"/><line number="1553" hits="5250" branch="true" condition-coverage="50% (1/2)"><conditions><condition number="0" type="jump" coverage="50%"/></conditions></line><line number="1555" hits="0" branch="false"/><line number="1556" hits="0" branch="false"/><line number="1562" hits="0" branch="false"/><line number="1565" hits="5250" branch="true" condition-coverage="50% (1/2)"><conditions><condition number="0" type="jump" coverage="50%"/></conditions></line><line number="1567" hits="0" branch="false"/><line number="1568" hits="0" branch="false"/><line number="1573" hits="0" branch="false"/><line number="1578" hits="0" branch="true" condition-coverage="0% (0/2)"><conditions><condition number="0" type="jump" coverage="0%"/></conditions></line><line number="1580" hits="0" branch="false"/><line number="1581" hits="0" branch="false"/><line number="1587" hits="0" branch="false"/><line number="1591" hits="5250" branch="false"/><line number="1593" hits="5250" branch="true" condition-coverage="50% (1/2)"><conditions><condition number="0" type="jump" coverage="50%"/></conditions></line><line number="1595" hits="0" branch="false"/><line number="1596" hits="0" branch="false"/><line number="1602" hits="0" branch="false"/><line number="1605" hits="5250" branch="true" condition-coverage="50% (1/2)"><conditions><condition number="0" type="jump" coverage="50%"/></conditions></line><line number="1607" hits="0" branch="false"/><line number="1608" hits="0" branch="false"/><line number="1614" hits="0" branch="false"/><line number="1617" hits="5250" branch="true" condition-coverage="50% (2/4)"><conditions><condition number="0" type="jump" coverage="50%"/></conditions></line><line number="1619" hits="0" branch="false"/><line number="1620" hits="0" branch="false"/><line number="1626" hits="0" branch="false"/><line number="1628" hits="5250" branch="true" condition-coverage="25% (1/4)"><conditions><condition number="0" type="jump" coverage="25%"/></conditions></line><line number="1630" hits="0" branch="false"/><line number="1631" hits="0" branch="false"/><line number="1637" hits="0" branch="false"/><line number="1640" hits="5250" branch="true" condition-coverage="50% (1/2)"><conditions><condition number="0" type="jump" coverage="50%"/></conditions></line><line number="1642" hits="0" branch="false"/><line number="1643" hits="0" branch="false"/><line number="1649" hits="0" branch="false"/><line number="1652" hits="5250" branch="true" condition-coverage="50% (2/4)"><conditions><condition number="0" type="jump" coverage="50%"/></conditions></line><line number="1654" hits="0" branch="false"/><line number="1655" hits="0" branch="false"/><line number="1661" hits="0" branch="false"/><line number="1664" hits="5250" branch="false"/><line number="1665" hits="5250" branch="false"/><line number="1667" hits="5250" branch="true" condition-coverage="50% (1/2)"><conditions><condition number="0" type="jump" coverage="50%"/></conditions></line><line number="1669" hits="5250" branch="true" condition-coverage="50% (1/2)"><conditions><condition number="0" type="jump" coverage="50%"/></conditions></line><line number="1671" hits="0" branch="false"/><line number="1672" hits="0" branch="false"/><line number="1677" hits="0" branch="false"/><line number="1682" hits="0" branch="true" condition-coverage="0% (0/2)"><conditions><condition number="0" type="jump" coverage="0%"/></conditions></line><line number="1684" hits="0" branch="false"/><line number="1685" hits="0" branch="false"/><line number="1689" hits="0" branch="false"/><line number="1692" hits="0" branch="true" condition-coverage="0% (0/2)"><conditions><condition number="0" type="jump" coverage="0%"/></conditions></line><line number="1694" hits="0" branch="false"/><line number="1695" hits="0" branch="false"/><line number="1700" hits="0" branch="false"/><line number="1704" hits="5250" branch="true" condition-coverage="50% (1/2)"><conditions><condition number="0" type="jump" coverage="50%"/></conditions></line><line number="1709" hits="5251" branch="false"/><line number="1710" hits="5251" branch="false"/><line number="1730" hits="5299" branch="false"/><line number="1732" hits="5299" branch="false"/><line number="1734" hits="5299" branch="false"/><line number="1735" hits="5299" branch="false"/><line number="1737" hits="5299" branch="true" condition-coverage="50% (1/2)"><conditions><condition number="0" type="jump" coverage="50%"/></conditions></line><line number="1739" hits="0" branch="false"/><line number="1740" hits="0" branch="false"/><line number="1744" hits="0" branch="false"/><line number="1747" hits="5299" branch="true" condition-coverage="50% (1/2)"><conditions><condition number="0" type="jump" coverage="50%"/></conditions></line><line number="1749" hits="0" branch="false"/><line number="1750" hits="0" branch="false"/><line number="1754" hits="0" branch="false"/><line number="1757" hits="5299" branch="false"/><line number="1758" hits="5299" branch="false"/><line number="1760" hits="5299" branch="true" condition-coverage="50% (1/2)"><conditions><condition number="0" type="jump" coverage="50%"/></conditions></line><line number="1762" hits="0" branch="false"/><line number="1768" hits="0" branch="false"/><line number="1772" hits="5299" branch="false"/><line number="1780" hits="5299" branch="false"/><line number="1782" hits="5299" branch="false"/><line number="1783" hits="5299" branch="false"/><line number="1803" hits="2104" branch="false"/><line number="1806" hits="2104" branch="false"/><line number="1808" hits="2104" branch="false"/><line number="1810" hits="2104" branch="true" condition-coverage="50% (2/4)"><conditions><condition number="0" type="jump" coverage="50%"/></conditions></line><line number="1812" hits="0" branch="false"/><line number="1813" hits="0" branch="false"/><line number="1818" hits="0" branch="false"/><line number="1821" hits="2104" branch="false"/><line number="1822" hits="2104" branch="true" condition-coverage="50% (1/2)"><conditions><condition number="0" type="jump" coverage="50%"/></conditions></line><line number="1824" hits="0" branch="false"/><line number="1825" hits="0" branch="false"/><line number="1828" hits="2104" branch="false"/><line number="1830" hits="2104" branch="false"/><line number="1831" hits="2104" branch="true" condition-coverage="100% (2/2)"><conditions><condition number="0" type="jump" coverage="100%"/></conditions></line><line number="1832" hits="1022" branch="false"/><line number="1834" hits="2104" branch="false"/><line number="1835" hits="2104" branch="false"/><line number="1840" hits="2104" branch="false"/><line number="1841" hits="2104" branch="false"/><line number="1862" hits="1091" branch="false"/><line number="1865" hits="1091" branch="false"/><line number="1867" hits="1091" branch="false"/><line number="1869" hits="1091" branch="true" condition-coverage="50% (2/4)"><conditions><condition number="0" type="jump" coverage="50%"/></conditions></line><line number="1871" hits="0" branch="false"/><line number="1872" hits="0" branch="false"/><line number="1877" hits="0" branch="false"/><line number="1880" hits="1091" branch="false"/><line number="1881" hits="1091" branch="true" condition-coverage="50% (1/2)"><conditions><condition number="0" type="jump" coverage="50%"/></conditions></line><line number="1883" hits="0" branch="false"/><line number="1884" hits="0" branch="false"/><line number="1887" hits="1091" branch="true" condition-coverage="100% (2/2)"><conditions><condition number="0" type="jump" coverage="100%"/></conditions></line><line number="1888" hits="4" branch="false"/><line number="1890" hits="1087" branch="false"/><line number="1892" hits="1091" branch="true" condition-coverage="100% (2/2)"><conditions><condition number="0" type="jump" coverage="100%"/></conditions></line><line number="1893" hits="17" branch="false"/><line number="1895" hits="1091" branch="false"/><line number="1896" hits="1091" branch="false"/><line number="1898" hits="1091" branch="false"/><line number="1903" hits="1091" branch="false"/><line number="1904" hits="1091" branch="false"/><line number="1927" hits="9" branch="false"/><line number="1929" hits="9" branch="false"/><line number="1933" hits="9" branch="false"/><line number="1934" hits="9" branch="false"/><line number="1936" hits="9" branch="false"/><line number="1937" hits="9" branch="false"/><line number="1939" hits="9" branch="false"/><line number="1941" hits="9" branch="false"/><line number="1942" hits="9" branch="false"/><line number="1944" hits="9" branch="false"/><line number="1946" hits="9" branch="false"/><line number="1947" hits="9" branch="false"/><line number="1949" hits="9" branch="false"/><line number="1950" hits="9" branch="true" condition-coverage="50% (1/2)"><conditions><condition number="0" type="jump" coverage="50%"/></conditions></line><line number="1952" hits="0" branch="false"/><line number="1953" hits="0" branch="false"/><line number="1957" hits="0" branch="false"/><line number="1960" hits="9" branch="false"/><line number="1961" hits="9" branch="false"/><line number="1963" hits="9" branch="true" condition-coverage="50% (1/2)"><conditions><condition number="0" type="jump" coverage="50%"/></conditions></line><line number="1965" hits="0" branch="false"/><line number="1966" hits="0" branch="true" condition-coverage="0% (0/4)"><conditions><condition number="0" type="jump" coverage="0%"/></conditions></line><line number="1968" hits="0" branch="false"/><line number="1969" hits="0" branch="false"/><line number="1973" hits="0" branch="false"/><line number="1977" hits="9" branch="false"/><line number="1978" hits="9" branch="false"/><line number="1979" hits="9" branch="false"/><line number="1981" hits="9" branch="false"/><line number="1984" hits="9" branch="false"/><line number="1985" hits="9" branch="true" condition-coverage="50% (1/2)"><conditions><condition number="0" type="jump" coverage="50%"/></conditions></line><line number="1987" hits="0" branch="false"/><line number="1988" hits="0" branch="false"/><line number="1991" hits="0" branch="false"/><line number="1994" hits="9" branch="false"/><line number="1996" hits="9" branch="false"/><line number="1998" hits="9" branch="false"/><line number="2000" hits="9" branch="false"/><line number="2001" hits="9" branch="true" condition-coverage="50% (1/2)"><conditions><condition number="0" type="jump" coverage="50%"/></conditions></line><line number="2003" hits="0" branch="false"/><line number="2004" hits="0" branch="false"/><line number="2007" hits="0" branch="false"/><line number="2010" hits="9" branch="false"/><line number="2012" hits="9" branch="false"/><line number="2013" hits="9" branch="false"/><line number="2015" hits="9" branch="false"/><line number="2018" hits="9" branch="false"/><line number="2020" hits="9" branch="false"/><line number="2022" hits="9" branch="false"/><line number="2024" hits="9" branch="false"/><line number="2025" hits="9" branch="false"/><line number="2026" hits="9" branch="false"/><line number="2028" hits="9" branch="false"/><line number="2030" hits="9" branch="true" condition-coverage="50% (1/2)"><conditions><condition number="0" type="jump" coverage="50%"/></conditions></line><line number="2031" hits="0" branch="false"/><line number="2034" hits="9" branch="false"/><line number="2035" hits="9" branch="true" condition-coverage="50% (1/2)"><conditions><condition number="0" type="jump" coverage="50%"/></conditions></line><line number="2036" hits="0" branch="false"/><line number="2038" hits="9" branch="false"/><line number="2039" hits="9" branch="true" condition-coverage="50% (1/2)"><conditions><condition number="0" type="jump" coverage="50%"/></conditions></line><line number="2041" hits="0" branch="false"/><line number="2044" hits="0" branch="false"/><line number="2055" hits="9" branch="false"/><line number="2060" hits="9" branch="false"/><line number="2061" hits="9" branch="false"/><line number="2082" hits="1067" branch="false"/><line number="2085" hits="1067" branch="false"/><line number="2087" hits="1067" branch="false"/><line number="2089" hits="1067" branch="true" condition-coverage="50% (1/2)"><conditions><condition number="0" type="jump" coverage="50%"/></conditions></line><line number="2091" hits="0" branch="false"/><line number="2092" hits="0" branch="false"/><line number="2096" hits="0" branch="false"/><line number="2099" hits="1067" branch="false"/><line number="2101" hits="1067" branch="true" condition-coverage="50% (1/2)"><conditions><condition number="0" type="jump" coverage="50%"/></conditions></line><line number="2102" hits="0" branch="false"/><line number="2104" hits="1067" branch="false"/><line number="2106" hits="1067" branch="false"/><line number="2108" hits="1067" branch="false"/><line number="2109" hits="1067" branch="false"/><line number="2110" hits="1067" branch="false"/><line number="2112" hits="1067" branch="false"/><line number="2114" hits="1067" branch="false"/><line number="2115" hits="1067" branch="false"/><line number="2117" hits="1067" branch="false"/><line number="2118" hits="1067" branch="false"/><line number="2141" hits="0" branch="false"/><line number="2144" hits="0" branch="false"/><line number="2146" hits="0" branch="false"/><line number="2148" hits="0" branch="false"/><line number="2150" hits="0" branch="false"/><line number="2151" hits="0" branch="false"/><line number="2153" hits="0" branch="false"/><line number="2154" hits="0" branch="false"/><line number="2156" hits="0" branch="true" condition-coverage="0% (0/2)"><conditions><condition number="0" type="jump" coverage="0%"/></conditions></line><line number="2158" hits="0" branch="false"/><line number="2159" hits="0" branch="false"/><line number="2163" hits="0" branch="false"/><line number="2166" hits="0" branch="false"/><line number="2167" hits="0" branch="false"/><line number="2169" hits="0" branch="false"/><line number="2175" hits="0" branch="true" condition-coverage="0% (0/2)"><conditions><condition number="0" type="jump" coverage="0%"/></conditions></line><line number="2177" hits="0" branch="false"/><line number="2178" hits="0" branch="false"/><line number="2182" hits="0" branch="false"/><line number="2186" hits="0" branch="false"/><line number="2187" hits="0" branch="true" condition-coverage="0% (0/2)"><conditions><condition number="0" type="jump" coverage="0%"/></conditions></line><line number="2189" hits="0" branch="false"/><line number="2190" hits="0" branch="false"/><line number="2191" hits="0" branch="false"/><line number="2195" hits="0" branch="false"/><line number="2198" hits="0" branch="false"/><line number="2199" hits="0" branch="false"/><line number="2200" hits="0" branch="false"/><line number="2201" hits="0" branch="false"/><line number="2203" hits="0" branch="false"/><line number="2205" hits="0" branch="false"/><line number="2206" hits="0" branch="false"/><line number="2207" hits="0" branch="false"/><line number="2208" hits="0" branch="false"/><line number="2209" hits="0" branch="false"/><line number="2210" hits="0" branch="false"/><line number="2211" hits="0" branch="false"/><line number="2212" hits="0" branch="false"/><line number="2214" hits="0" branch="false"/><line number="2215" hits="0" branch="false"/><line number="2216" hits="0" branch="false"/><line number="2218" hits="0" branch="false"/><line number="2220" hits="0" branch="false"/><line number="2221" hits="0" branch="false"/><line number="2243" hits="0" branch="false"/><line number="2245" hits="0" branch="false"/><line number="2247" hits="0" branch="false"/><line number="2248" hits="0" branch="false"/><line number="2250" hits="0" branch="false"/><line number="2252" hits="0" branch="true" condition-coverage="0% (0/4)"><conditions><condition number="0" type="jump" coverage="0%"/></conditions></line><line number="2254" hits="0" branch="false"/><line number="2255" hits="0" branch="false"/><line number="2260" hits="0" branch="false"/><line number="2263" hits="0" branch="false"/><line number="2264" hits="0" branch="true" condition-coverage="0% (0/2)"><conditions><condition number="0" type="jump" coverage="0%"/></conditions></line><line number="2266" hits="0" branch="true" condition-coverage="0% (0/2)"><conditions><condition number="0" type="jump" coverage="0%"/></conditions></line><line number="2268" hits="0" branch="false"/><line number="2270" hits="0" branch="true" condition-coverage="0% (0/2)"><conditions><condition number="0" type="jump" coverage="0%"/></conditions></line><line number="2272" hits="0" branch="false"/><line number="2273" hits="0" branch="false"/><line number="2277" hits="0" branch="false"/><line number="2280" hits="0" branch="false"/><line number="2281" hits="0" branch="false"/><line number="2283" hits="0" branch="false"/><line number="2284" hits="0" branch="true" condition-coverage="0% (0/2)"><conditions><condition number="0" type="jump" coverage="0%"/></conditions></line><line number="2286" hits="0" branch="false"/><line number="2290" hits="0" branch="false"/><line number="2293" hits="0" branch="false"/><line number="2297" hits="0" branch="false"/><line number="2301" hits="0" branch="false"/><line number="2302" hits="0" branch="false"/><line number="2326" hits="2102" branch="false"/><line number="2330" hits="2102" branch="false"/><line number="2332" hits="2102" branch="false"/><line number="2334" hits="2102" branch="false"/><line number="2335" hits="2102" branch="false"/><line number="2337" hits="2102" branch="true" condition-coverage="50% (2/4)"><conditions><condition number="0" type="jump" coverage="50%"/></conditions></line><line number="2339" hits="0" branch="false"/><line number="2340" hits="0" branch="false"/><line number="2345" hits="0" branch="false"/><line number="2348" hits="2102" branch="false"/><line number="2349" hits="2102" branch="true" condition-coverage="50% (1/2)"><conditions><condition number="0" type="jump" coverage="50%"/></conditions></line><line number="2351" hits="0" branch="false"/><line number="2352" hits="0" branch="false"/><line number="2355" hits="3522" branch="true" condition-coverage="100% (2/2)"><conditions><condition number="0" type="jump" coverage="100%"/></conditions></line><line number="2356" hits="1420" branch="false"/><line number="2358" hits="2474" branch="false"/><line number="2359" hits="2475" branch="true" condition-coverage="100% (2/2)"><conditions><condition number="0" type="jump" coverage="100%"/></conditions></line><line number="2361" hits="1055" branch="false"/><line number="2362" hits="1055" branch="true" condition-coverage="66% (4/6)"><conditions><condition number="0" type="jump" coverage="66%"/></conditions></line><line number="2364" hits="1054" branch="false"/><line number="2365" hits="1054" branch="false"/><line number="2368" hits="1" branch="false"/><line number="2372" hits="1048" branch="false"/><line number="2373" hits="1048" branch="false"/><line number="2380" hits="2102" branch="false"/><line number="2381" hits="2102" branch="false"/><line number="2403" hits="2" branch="false"/><line number="2407" hits="2" branch="false"/><line number="2409" hits="2" branch="false"/><line number="2410" hits="2" branch="false"/><line number="2412" hits="2" branch="true" condition-coverage="50% (2/4)"><conditions><condition number="0" type="jump" coverage="50%"/></conditions></line><line number="2414" hits="0" branch="false"/><line number="2415" hits="0" branch="false"/><line number="2420" hits="0" branch="false"/><line number="2423" hits="2" branch="true" condition-coverage="50% (2/4)"><conditions><condition number="0" type="jump" coverage="50%"/></conditions></line><line number="2424" hits="2" branch="true" condition-coverage="50% (1/2)"><conditions><condition number="0" type="jump" coverage="50%"/></conditions></line><line number="2426" hits="2" branch="false"/><line number="2427" hits="2" branch="false"/><line number="2428" hits="2" branch="true" condition-coverage="100% (2/2)"><conditions><condition number="0" type="jump" coverage="100%"/></conditions></line><line number="2429" hits="1" branch="false"/><line number="2431" hits="2" branch="false"/><line number="2434" hits="0" branch="false"/><line number="2435" hits="0" branch="false"/><line number="2439" hits="0" branch="false"/><line number="2440" hits="0" branch="true" condition-coverage="0% (0/6)"><conditions><condition number="0" type="jump" coverage="0%"/></conditions></line><line number="2442" hits="0" branch="false"/><line number="2443" hits="0" branch="false"/><line number="2444" hits="0" branch="false"/><line number="2448" hits="0" branch="false"/><line number="2450" hits="0" branch="true" condition-coverage="0% (0/2)"><conditions><condition number="0" type="jump" coverage="0%"/></conditions></line><line number="2454" hits="0" branch="true" condition-coverage="0% (0/2)"><conditions><condition number="0" type="jump" coverage="0%"/></conditions></line><line number="2456" hits="0" branch="false"/><line number="2457" hits="0" branch="false"/><line number="2464" hits="2" branch="false"/><line number="2465" hits="2" branch="false"/><line number="2488" hits="2" branch="false"/><line number="2492" hits="2" branch="false"/><line number="2494" hits="2" branch="false"/><line number="2496" hits="2" branch="false"/><line number="2498" hits="2" branch="false"/><line number="2500" hits="2" branch="true" condition-coverage="50% (2/4)"><conditions><condition number="0" type="jump" coverage="50%"/></conditions></line><line number="2502" hits="0" branch="false"/><line number="2503" hits="0" branch="false"/><line number="2508" hits="0" branch="false"/><line number="2511" hits="2" branch="false"/><line number="2513" hits="2" branch="false"/><line number="2514" hits="2" branch="true" condition-coverage="50% (1/2)"><conditions><condition number="0" type="jump" coverage="50%"/></conditions></line><line number="2516" hits="0" branch="false"/><line number="2517" hits="0" branch="false"/><line number="2520" hits="10" branch="true" condition-coverage="100% (2/2)"><conditions><condition number="0" type="jump" coverage="100%"/></conditions></line><line number="2521" hits="8" branch="false"/><line number="2523" hits="9" branch="false"/><line number="2525" hits="10" branch="true" condition-coverage="100% (2/2)"><conditions><condition number="0" type="jump" coverage="100%"/></conditions></line><line number="2527" hits="1" branch="false"/><line number="2528" hits="1" branch="true" condition-coverage="50% (3/6)"><conditions><condition number="0" type="jump" coverage="50%"/></conditions></line><line number="2530" hits="1" branch="true" condition-coverage="25% (1/4)"><conditions><condition number="0" type="jump" coverage="25%"/></conditions></line><line number="2531" hits="1" branch="false"/><line number="2534" hits="1" branch="false"/><line number="2537" hits="9" branch="true" condition-coverage="100% (2/2)"><conditions><condition number="0" type="jump" coverage="100%"/></conditions></line><line number="2538" hits="1" branch="false"/><line number="2541" hits="1" branch="false"/><line number="2542" hits="1" branch="false"/><line number="2549" hits="2" branch="false"/><line number="2550" hits="2" branch="false"/><line number="2583" hits="1055" branch="false"/><line number="2587" hits="1055" branch="false"/><line number="2589" hits="1055" branch="false"/><line number="2591" hits="1055" branch="false"/><line number="2592" hits="1055" branch="false"/><line number="2594" hits="1055" branch="false"/><line number="2595" hits="1055" branch="false"/><line number="2596" hits="1055" branch="false"/><line number="2597" hits="1055" branch="false"/><line number="2599" hits="1055" branch="true" condition-coverage="50% (2/4)"><conditions><condition number="0" type="jump" coverage="50%"/></conditions></line><line number="2601" hits="0" branch="false"/><line number="2602" hits="0" branch="false"/><line number="2607" hits="0" branch="false"/><line number="2610" hits="1055" branch="false"/><line number="2611" hits="1055" branch="true" condition-coverage="50% (1/2)"><conditions><condition number="0" type="jump" coverage="50%"/></conditions></line><line number="2612" hits="0" branch="false"/><line number="2614" hits="1055" branch="false"/><line number="2616" hits="1055" branch="false"/><line number="2618" hits="1055" branch="false"/><line number="2619" hits="1055" branch="true" condition-coverage="50% (1/2)"><conditions><condition number="0" type="jump" coverage="50%"/></conditions></line><line number="2620" hits="0" branch="false"/><line number="2622" hits="1055" branch="false"/><line number="2624" hits="1055" branch="true" condition-coverage="50% (1/2)"><conditions><condition number="0" type="jump" coverage="50%"/></conditions></line><line number="2626" hits="1055" branch="false"/><line number="2627" hits="1055" branch="false"/><line number="2628" hits="1055" branch="false"/><line number="2630" hits="1055" branch="false"/><line number="2631" hits="1055" branch="false"/><line number="2632" hits="1055" branch="false"/><line number="2634" hits="1055" branch="false"/><line number="2638" hits="1055" branch="false"/><line number="2641" hits="0" branch="false"/><line number="2643" hits="0" branch="false"/><line number="2644" hits="0" branch="false"/><line number="2645" hits="0" branch="false"/><line number="2646" hits="0" branch="false"/><line number="2648" hits="0" branch="false"/><line number="2649" hits="0" branch="false"/><line number="2650" hits="0" branch="false"/><line number="2652" hits="0" branch="false"/><line number="2654" hits="0" branch="false"/><line number="2655" hits="0" branch="false"/><line number="2656" hits="0" branch="false"/><line number="2657" hits="0" branch="false"/><line number="2658" hits="0" branch="false"/><line number="2659" hits="0" branch="false"/><line number="2660" hits="0" branch="false"/><line number="2661" hits="0" branch="false"/><line number="2663" hits="0" branch="true" condition-coverage="0% (0/2)"><conditions><condition number="0" type="jump" coverage="0%"/></conditions></line><line number="2664" hits="0" branch="false"/><line number="2665" hits="0" branch="false"/><line number="2667" hits="0" branch="false"/><line number="2668" hits="0" branch="false"/><line number="2669" hits="0" branch="false"/><line number="2670" hits="0" branch="false"/><line number="2672" hits="0" branch="false"/><line number="2673" hits="0" branch="false"/><line number="2675" hits="0" branch="false"/><line number="2676" hits="0" branch="true" condition-coverage="0% (0/2)"><conditions><condition number="0" type="jump" coverage="0%"/></conditions></line><line number="2677" hits="0" branch="false"/><line number="2679" hits="0" branch="false"/><line number="2688" hits="1055" branch="false"/><line number="2689" hits="1055" branch="false"/><line number="2714" hits="1055" branch="false"/><line number="2717" hits="1055" branch="false"/><line number="2719" hits="1055" branch="false"/><line number="2721" hits="1055" branch="false"/><line number="2722" hits="1055" branch="false"/><line number="2724" hits="1055" branch="false"/><line number="2725" hits="1055" branch="false"/><line number="2727" hits="1055" branch="true" condition-coverage="50% (2/4)"><conditions><condition number="0" type="jump" coverage="50%"/></conditions></line><line number="2729" hits="0" branch="false"/><line number="2730" hits="0" branch="false"/><line number="2735" hits="0" branch="false"/><line number="2738" hits="1055" branch="false"/><line number="2739" hits="1055" branch="true" condition-coverage="50% (1/2)"><conditions><condition number="0" type="jump" coverage="50%"/></conditions></line><line number="2740" hits="0" branch="false"/><line number="2742" hits="1055" branch="false"/><line number="2743" hits="1055" branch="true" condition-coverage="100% (2/2)"><conditions><condition number="0" type="jump" coverage="100%"/></conditions></line><line number="2745" hits="1026" branch="false"/><line number="2747" hits="1026" branch="false"/><line number="2748" hits="1026" branch="true" condition-coverage="75% (3/4)"><conditions><condition number="0" type="jump" coverage="75%"/></conditions></line><line number="2750" hits="9" branch="false"/><line number="2756" hits="9" branch="false"/><line number="2757" hits="9" branch="true" condition-coverage="50% (1/2)"><conditions><condition number="0" type="jump" coverage="50%"/></conditions></line><line number="2758" hits="0" branch="false"/><line number="2760" hits="9" branch="false"/><line number="2761" hits="9" branch="false"/><line number="2762" hits="9" branch="true" condition-coverage="50% (1/2)"><conditions><condition number="0" type="jump" coverage="50%"/></conditions></line><line number="2763" hits="0" branch="false"/><line number="2765" hits="9" branch="false"/><line number="2766" hits="9" branch="false"/><line number="2767" hits="9" branch="false"/><line number="2769" hits="9" branch="false"/><line number="2775" hits="1055" branch="false"/><line number="2776" hits="1055" branch="true" condition-coverage="50% (1/2)"><conditions><condition number="0" type="jump" coverage="50%"/></conditions></line><line number="2778" hits="0" branch="false"/><line number="2779" hits="0" branch="true" condition-coverage="0% (0/4)"><conditions><condition number="0" type="jump" coverage="0%"/></conditions></line><line number="2781" hits="0" branch="false"/><line number="2787" hits="0" branch="false"/><line number="2788" hits="0" branch="true" condition-coverage="0% (0/2)"><conditions><condition number="0" type="jump" coverage="0%"/></conditions></line><line number="2789" hits="0" branch="false"/><line number="2791" hits="0" branch="false"/><line number="2792" hits="0" branch="false"/><line number="2793" hits="0" branch="true" condition-coverage="0% (0/2)"><conditions><condition number="0" type="jump" coverage="0%"/></conditions></line><line number="2794" hits="0" branch="false"/><line number="2797" hits="0" branch="false"/><line number="2798" hits="0" branch="false"/><line number="2799" hits="0" branch="false"/><line number="2801" hits="0" branch="false"/><line number="2803" hits="0" branch="false"/><line number="2809" hits="1055" branch="false"/><line number="2810" hits="1055" branch="false"/><line number="2812" hits="1055" branch="false"/><line number="2813" hits="1055" branch="true" condition-coverage="50% (1/2)"><conditions><condition number="0" type="jump" coverage="50%"/></conditions></line><line number="2814" hits="0" branch="false"/><line number="2816" hits="1055" branch="false"/><line number="2817" hits="1055" branch="false"/><line number="2849" hits="1055" branch="false"/><line number="2855" hits="1055" branch="false"/><line number="2857" hits="1055" branch="false"/><line number="2858" hits="1055" branch="false"/><line number="2860" hits="1055" branch="false"/><line number="2861" hits="1055" branch="false"/><line number="2863" hits="1055" branch="false"/><line number="2864" hits="1055" branch="false"/><line number="2866" hits="1055" branch="false"/><line number="2868" hits="1055" branch="false"/><line number="2870" hits="1055" branch="false"/><line number="2876" hits="1055" branch="true" condition-coverage="50% (2/4)"><conditions><condition number="0" type="jump" coverage="50%"/></conditions></line><line number="2878" hits="0" branch="false"/><line number="2879" hits="0" branch="false"/><line number="2884" hits="0" branch="false"/><line number="2887" hits="1055" branch="false"/><line number="2888" hits="1055" branch="false"/><line number="2890" hits="1055" branch="true" condition-coverage="50% (1/2)"><conditions><condition number="0" type="jump" coverage="50%"/></conditions></line><line number="2892" hits="0" branch="false"/><line number="2893" hits="0" branch="true" condition-coverage="0% (0/2)"><conditions><condition number="0" type="jump" coverage="0%"/></conditions></line><line number="2895" hits="0" branch="false"/><line number="2896" hits="0" branch="false"/><line number="2899" hits="0" branch="false"/><line number="2902" hits="0" branch="false"/><line number="2904" hits="0" branch="false"/><line number="2905" hits="0" branch="false"/><line number="2906" hits="0" branch="false"/><line number="2907" hits="0" branch="false"/><line number="2908" hits="0" branch="false"/><line number="2909" hits="0" branch="false"/><line number="2910" hits="0" branch="false"/><line number="2912" hits="0" branch="false"/><line number="2913" hits="0" branch="false"/><line number="2914" hits="0" branch="false"/><line number="2916" hits="0" branch="false"/><line number="2917" hits="0" branch="false"/><line number="2919" hits="0" branch="false"/><line number="2920" hits="0" branch="false"/><line number="2921" hits="0" branch="false"/><line number="2924" hits="1055" branch="false"/><line number="2925" hits="1055" branch="true" condition-coverage="100% (2/2)"><conditions><condition number="0" type="jump" coverage="100%"/></conditions></line><line number="2927" hits="1049" branch="false"/><line number="2928" hits="1049" branch="true" condition-coverage="50% (1/2)"><conditions><condition number="0" type="jump" coverage="50%"/></conditions></line><line number="2930" hits="0" branch="false"/><line number="2931" hits="0" branch="false"/><line number="2936" hits="0" branch="false"/><line number="2939" hits="1049" branch="false"/><line number="2940" hits="1049" branch="false"/><line number="2942" hits="1049" branch="false"/><line number="2944" hits="1049" branch="false"/><line number="2945" hits="1049" branch="false"/><line number="2946" hits="1049" branch="false"/><line number="2947" hits="1049" branch="false"/><line number="2948" hits="1049" branch="false"/><line number="2949" hits="1049" branch="false"/><line number="2950" hits="1049" branch="false"/><line number="2952" hits="1049" branch="false"/><line number="2953" hits="1049" branch="false"/><line number="2954" hits="1049" branch="false"/><line number="2956" hits="1049" branch="false"/><line number="2957" hits="1049" branch="false"/><line number="2959" hits="1049" branch="false"/><line number="2960" hits="1049" branch="true" condition-coverage="50% (1/2)"><conditions><condition number="0" type="jump" coverage="50%"/></conditions></line><line number="2961" hits="0" branch="false"/><line number="2963" hits="1049" branch="false"/><line number="2966" hits="1055" branch="true" condition-coverage="50% (1/2)"><conditions><condition number="0" type="jump" coverage="50%"/></conditions></line><line number="2968" hits="0" branch="true" condition-coverage="0% (0/2)"><conditions><condition number="0" type="jump" coverage="0%"/></conditions></line><line number="2969" hits="0" branch="false"/><line number="2972" hits="1055" branch="true" condition-coverage="100% (2/2)"><conditions><condition number="0" type="jump" coverage="100%"/></conditions></line><line number="2973" hits="1" branch="false"/><line number="2975" hits="1055" branch="false"/><line number="2977" hits="1055" branch="false"/><line number="2978" hits="1055" branch="true" condition-coverage="50% (1/2)"><conditions><condition number="0" type="jump" coverage="50%"/></conditions></line><line number="2979" hits="0" branch="false"/><line number="2981" hits="1055" branch="false"/><line number="2982" hits="1055" branch="false"/><line number="2984" hits="1055" branch="false"/><line number="2986" hits="1055" branch="false"/><line number="2996" hits="1055" branch="false"/><line number="2997" hits="1055" branch="false"/><line number="3026" hits="4" branch="false"/><line number="3033" hits="4" branch="false"/><line number="3035" hits="4" branch="false"/><line number="3038" hits="4" branch="false"/><line number="3041" hits="4" branch="false"/><line number="3043" hits="4" branch="true" condition-coverage="50% (2/4)"><conditions><condition number="0" type="jump" coverage="50%"/></conditions></line><line number="3045" hits="0" branch="false"/><line number="3046" hits="0" branch="false"/><line number="3051" hits="0" branch="false"/><line number="3054" hits="4" branch="true" condition-coverage="100% (2/2)"><conditions><condition number="0" type="jump" coverage="100%"/></conditions></line><line number="3056" hits="1" branch="false"/><line number="3057" hits="1" branch="false"/><line number="3060" hits="3" branch="false"/><line number="3062" hits="3" branch="false"/><line number="3063" hits="3" branch="true" condition-coverage="50% (1/2)"><conditions><condition number="0" type="jump" coverage="50%"/></conditions></line><line number="3064" hits="0" branch="false"/><line number="3067" hits="3" branch="false"/><line number="3068" hits="3" branch="true" condition-coverage="100% (2/2)"><conditions><condition number="0" type="jump" coverage="100%"/></conditions></line><line number="3070" hits="1" branch="false"/><line number="3075" hits="1" branch="false"/><line number="3076" hits="1" branch="false"/><line number="3079" hits="2" branch="false"/><line number="3080" hits="2" branch="true" condition-coverage="50% (1/2)"><conditions><condition number="0" type="jump" coverage="50%"/></conditions></line><line number="3082" hits="2" branch="true" condition-coverage="50% (1/2)"><conditions><condition number="0" type="jump" coverage="50%"/></conditions></line><line number="3084" hits="0" branch="false"/><line number="3085" hits="0" branch="false"/><line number="3088" hits="2" branch="false"/><line number="3089" hits="2" branch="true" condition-coverage="50% (1/2)"><conditions><condition number="0" type="jump" coverage="50%"/></conditions></line><line number="3090" hits="0" branch="false"/><line number="3092" hits="2" branch="false"/><line number="3099" hits="0" branch="false"/><line number="3100" hits="4" branch="false"/><line number="3125" hits="1" branch="false"/><line number="3131" hits="1" branch="false"/><line number="3134" hits="1" branch="false"/><line number="3137" hits="1" branch="false"/><line number="3139" hits="1" branch="true" condition-coverage="50% (2/4)"><conditions><condition number="0" type="jump" coverage="50%"/></conditions></line><line number="3141" hits="0" branch="false"/><line number="3142" hits="0" branch="false"/><line number="3147" hits="0" branch="false"/><line number="3150" hits="1" branch="false"/><line number="3151" hits="1" branch="true" condition-coverage="50% (1/2)"><conditions><condition number="0" type="jump" coverage="50%"/></conditions></line><line number="3152" hits="0" branch="false"/><line number="3154" hits="1" branch="false"/><line number="3156" hits="1" branch="false"/><line number="3158" hits="1" branch="false"/><line number="3160" hits="1" branch="false"/><line number="3162" hits="1" branch="false"/><line number="3163" hits="1" branch="false"/><line number="3197" hits="1056" branch="false"/><line number="3202" hits="1056" branch="false"/><line number="3204" hits="1056" branch="false"/><line number="3205" hits="1056" branch="false"/><line number="3207" hits="1056" branch="false"/><line number="3209" hits="1056" branch="false"/><line number="3211" hits="1056" branch="false"/><line number="3213" hits="1056" branch="false"/><line number="3215" hits="1056" branch="false"/><line number="3216" hits="1056" branch="false"/><line number="3217" hits="1056" branch="false"/><line number="3219" hits="1056" branch="true" condition-coverage="50% (2/4)"><conditions><condition number="0" type="jump" coverage="50%"/></conditions></line><line number="3221" hits="0" branch="false"/><line number="3222" hits="0" branch="false"/><line number="3227" hits="0" branch="false"/><line number="3230" hits="1056" branch="false"/><line number="3231" hits="1056" branch="true" condition-coverage="50% (1/2)"><conditions><condition number="0" type="jump" coverage="50%"/></conditions></line><line number="3233" hits="0" branch="true" condition-coverage="0% (0/2)"><conditions><condition number="0" type="jump" coverage="0%"/></conditions></line><line number="3235" hits="0" branch="false"/><line number="3236" hits="0" branch="false"/><line number="3240" hits="1056" branch="false"/><line number="3242" hits="1056" branch="false"/><line number="3243" hits="1056" branch="true" condition-coverage="100% (2/2)"><conditions><condition number="0" type="jump" coverage="100%"/></conditions></line><line number="3244" hits="1" branch="false"/><line number="3246" hits="1055" branch="true" condition-coverage="50% (1/2)"><conditions><condition number="0" type="jump" coverage="50%"/></conditions></line><line number="3248" hits="0" branch="false"/><line number="3249" hits="0" branch="false"/><line number="3253" hits="0" branch="false"/><line number="3260" hits="1055" branch="false"/><line number="3261" hits="1055" branch="false"/><line number="3262" hits="1055" branch="false"/><line number="3263" hits="1055" branch="false"/><line number="3265" hits="1055" branch="false"/><line number="3266" hits="1055" branch="true" condition-coverage="50% (1/2)"><conditions><condition number="0" type="jump" coverage="50%"/></conditions></line><line number="3267" hits="0" branch="false"/><line number="3269" hits="1055" branch="false"/><line number="3271" hits="1055" branch="true" condition-coverage="100% (2/2)"><conditions><condition number="0" type="jump" coverage="100%"/></conditions></line><line number="3273" hits="29" branch="false"/><line number="3275" hits="29" branch="true" condition-coverage="75% (3/4)"><conditions><condition number="0" type="jump" coverage="75%"/></conditions></line><line number="3276" hits="27" branch="true" condition-coverage="50% (1/2)"><conditions><condition number="0" type="jump" coverage="50%"/></conditions></line><line number="3277" hits="27" branch="true" condition-coverage="50% (1/2)"><conditions><condition number="0" type="jump" coverage="50%"/></conditions></line><line number="3279" hits="27" branch="false"/><line number="3281" hits="27" branch="true" condition-coverage="50% (2/4)"><conditions><condition number="0" type="jump" coverage="50%"/></conditions></line><line number="3283" hits="27" branch="false"/><line number="3284" hits="27" branch="true" condition-coverage="50% (1/2)"><conditions><condition number="0" type="jump" coverage="50%"/></conditions></line><line number="3285" hits="0" branch="false"/><line number="3287" hits="27" branch="false"/><line number="3288" hits="27" branch="false"/><line number="3290" hits="27" branch="false"/><line number="3293" hits="27" branch="false"/><line number="3294" hits="27" branch="true" condition-coverage="50% (1/2)"><conditions><condition number="0" type="jump" coverage="50%"/></conditions></line><line number="3296" hits="27" branch="false"/><line number="3297" hits="27" branch="false"/><line number="3298" hits="27" branch="false"/><line number="3300" hits="27" branch="false"/><line number="3302" hits="27" branch="false"/><line number="3306" hits="27" branch="false"/><line number="3310" hits="0" branch="false"/><line number="3311" hits="0" branch="false"/><line number="3314" hits="0" branch="false"/><line number="3320" hits="1028" branch="false"/><line number="3321" hits="1028" branch="false"/><line number="3323" hits="1056" branch="false"/><line number="3324" hits="1056" branch="false"/><line number="3909" hits="1049" branch="false"/><line number="3911" hits="1049" branch="false"/><line number="3913" hits="1049" branch="false"/><line number="3915" hits="1049" branch="false"/><line number="3917" hits="1049" branch="true" condition-coverage="100% (2/2)"><conditions><condition number="0" type="jump" coverage="100%"/></conditions></line><line number="3919" hits="9" branch="false"/><line number="3921" hits="9" branch="false"/><line number="3922" hits="9" branch="true" condition-coverage="50% (1/2)"><conditions><condition number="0" type="jump" coverage="50%"/></conditions></line><line number="3923" hits="0" branch="false"/><line number="3926" hits="1049" branch="false"/><line number="3928" hits="1049" branch="false"/><line number="3929" hits="1049" branch="false"/><line number="3930" hits="1049" branch="false"/><line number="3932" hits="1049" branch="false"/><line number="3933" hits="1049" branch="false"/><line number="3948" hits="1" branch="false"/><line number="3950" hits="1" branch="false"/><line number="3952" hits="1" branch="false"/><line number="3954" hits="1" branch="false"/><line number="3956" hits="1" branch="true" condition-coverage="50% (1/2)"><conditions><condition number="0" type="jump" coverage="50%"/></conditions></line><line number="3958" hits="0" branch="false"/><line number="3960" hits="0" branch="false"/><line number="3961" hits="0" branch="true" condition-coverage="0% (0/2)"><conditions><condition number="0" type="jump" coverage="0%"/></conditions></line><line number="3962" hits="0" branch="false"/><line number="3965" hits="1" branch="false"/><line number="3967" hits="1" branch="false"/><line number="3968" hits="1" branch="false"/><line number="3969" hits="1" branch="false"/><line number="3971" hits="1" branch="false"/><line number="3972" hits="1" branch="false"/><line number="3987" hits="1" branch="false"/><line number="3989" hits="1" branch="false"/><line number="3991" hits="1" branch="false"/><line number="3993" hits="1" branch="false"/><line number="3995" hits="1" branch="true" condition-coverage="50% (1/2)"><conditions><condition number="0" type="jump" coverage="50%"/></conditions></line><line number="3997" hits="0" branch="false"/><line number="3999" hits="0" branch="false"/><line number="4000" hits="0" branch="true" condition-coverage="0% (0/2)"><conditions><condition number="0" type="jump" coverage="0%"/></conditions></line><line number="4001" hits="0" branch="false"/><line number="4004" hits="1" branch="false"/><line number="4006" hits="1" branch="false"/><line number="4007" hits="1" branch="false"/><line number="4008" hits="1" branch="false"/><line number="4010" hits="1" branch="false"/><line number="4011" hits="1" branch="false"/><line number="4027" hits="0" branch="false"/><line number="4029" hits="0" branch="false"/><line number="4031" hits="0" branch="false"/><line number="4033" hits="0" branch="false"/><line number="4035" hits="0" branch="true" condition-coverage="0% (0/2)"><conditions><condition number="0" type="jump" coverage="0%"/></conditions></line><line number="4037" hits="0" branch="false"/><line number="4039" hits="0" branch="false"/><line number="4040" hits="0" branch="true" condition-coverage="0% (0/2)"><conditions><condition number="0" type="jump" coverage="0%"/></conditions></line><line number="4041" hits="0" branch="false"/><line number="4044" hits="0" branch="false"/><line number="4046" hits="0" branch="false"/><line number="4047" hits="0" branch="false"/><line number="4048" hits="0" branch="false"/><line number="4050" hits="0" branch="false"/><line number="4051" hits="0" branch="false"/><line number="4067" hits="1" branch="false"/><line number="4069" hits="1" branch="false"/><line number="4071" hits="1" branch="false"/><line number="4073" hits="1" branch="false"/><line number="4075" hits="1" branch="true" condition-coverage="50% (1/2)"><conditions><condition number="0" type="jump" coverage="50%"/></conditions></line><line number="4077" hits="0" branch="false"/><line number="4079" hits="0" branch="false"/><line number="4080" hits="0" branch="true" condition-coverage="0% (0/2)"><conditions><condition number="0" type="jump" coverage="0%"/></conditions></line><line number="4081" hits="0" branch="false"/><line number="4084" hits="1" branch="false"/><line number="4086" hits="1" branch="false"/><line number="4087" hits="1" branch="false"/><line number="4088" hits="1" branch="false"/><line number="4090" hits="1" branch="false"/><line number="4091" hits="1" branch="false"/><line number="4108" hits="4" branch="false"/><line number="4112" hits="4" branch="false"/><line number="4114" hits="4" branch="false"/><line number="4116" hits="4" branch="false"/><line number="4118" hits="4" branch="true" condition-coverage="50% (1/2)"><conditions><condition number="0" type="jump" coverage="50%"/></conditions></line><line number="4120" hits="0" branch="false"/><line number="4122" hits="0" branch="false"/><line number="4123" hits="0" branch="true" condition-coverage="0% (0/2)"><conditions><condition number="0" type="jump" coverage="0%"/></conditions></line><line number="4124" hits="0" branch="false"/><line number="4127" hits="4" branch="false"/><line number="4129" hits="4" branch="false"/><line number="4131" hits="4" branch="false"/><line number="4132" hits="4" branch="false"/><line number="4134" hits="4" branch="false"/><line number="4135" hits="4" branch="false"/><line number="4150" hits="1054" branch="false"/><line number="4152" hits="1054" branch="false"/><line number="4154" hits="1054" branch="false"/><line number="4156" hits="1054" branch="false"/><line number="4158" hits="1054" branch="true" condition-coverage="50% (1/2)"><conditions><condition number="0" type="jump" coverage="50%"/></conditions></line><line number="4160" hits="0" branch="false"/><line number="4162" hits="0" branch="false"/><line number="4163" hits="0" branch="true" condition-coverage="0% (0/2)"><conditions><condition number="0" type="jump" coverage="0%"/></conditions></line><line number="4164" hits="0" branch="false"/><line number="4167" hits="1054" branch="false"/><line number="4169" hits="1054" branch="false"/><line number="4170" hits="1054" branch="false"/><line number="4171" hits="1054" branch="false"/><line number="4173" hits="1054" branch="false"/><line number="4174" hits="1054" branch="false"/></lines></class></classes></package><package name="tests" line-rate="0.9808306709265175" branch-rate="0.6091954022988506" complexity="0.0"><classes><class name="test_double_free_c" filename="tests/test_double_free.c" line-rate="1.0" branch-rate="0.5" complexity="0.0"><methods/><lines><line number="93" hits="1" branch="false"/><line number="95" hits="1" branch="false"/><line number="97" hits="1" branch="false"/><line number="98" hits="1" branch="true" condition-coverage="50% (1/2)"><conditions><condition number="0" type="jump" coverage="50%"/></conditions></line><line number="100" hits="1" branch="false"/><line number="101" hits="1" branch="false"/><line number="117" hits="1" branch="false"/><line number="119" hits="1" branch="false"/><line number="121" hits="1" branch="false"/><line number="123" hits="1" branch="false"/><line number="124" hits="1" branch="true" condition-coverage="50% (1/2)"><conditions><condition number="0" type="jump" coverage="50%"/></conditions></line><line number="126" hits="1" branch="false"/><line number="127" hits="1" branch="true" condition-coverage="50% (1/2)"><conditions><condition number="0" type="jump" coverage="50%"/></conditions></line><line number="129" hits="1" branch="false"/><line number="130" hits="1" branch="true" condition-coverage="50% (1/2)"><conditions><condition number="0" type="jump" coverage="50%"/></conditions></line><line number="132" hits="1" branch="false"/></lines></class><class name="test_free_reuse_c" filename="tests/test_free_reuse.c" line-rate="1.0" branch-rate="0.7083333333333334" complexity="0.0"><methods/><lines><line number="133" hits="1" branch="false"/><line number="135" hits="1" branch="false"/><line number="137" hits="1" branch="false"/><line number="138" hits="1" branch="true" condition-coverage="50% (1/2)"><conditions><condition number="0" type="jump" coverage="50%"/></conditions></line><line number="140" hits="1" branch="false"/><line number="141" hits="1" branch="false"/><line number="157" hits="1" branch="false"/><line number="159" hits="1" branch="false"/><line number="164" hits="1" branch="false"/><line number="165" hits="1" branch="false"/><line number="167" hits="1" branch="true" condition-coverage="50% (1/2)"><conditions><condition number="0" type="jump" coverage="50%"/></conditions></line><line number="169" hits="11" branch="true" condition-coverage="100% (2/2)"><conditions><condition number="0" type="jump" coverage="100%"/></conditions></line><line number="171" hits="10" branch="false"/><line number="172" hits="10" branch="true" condition-coverage="50% (1/2)"><conditions><condition number="0" type="jump" coverage="50%"/></conditions></line><line number="173" hits="10" branch="false"/><line number="176" hits="6" branch="true" condition-coverage="100% (2/2)"><conditions><condition number="0" type="jump" coverage="100%"/></conditions></line><line number="178" hits="5" branch="false"/><line number="179" hits="5" branch="true" condition-coverage="50% (1/2)"><conditions><condition number="0" type="jump" coverage="50%"/></conditions></line><line number="180" hits="5" branch="false"/><line number="183" hits="6" branch="true" condition-coverage="100% (2/2)"><conditions><condition number="0" type="jump" coverage="100%"/></conditions></line><line number="184" hits="5" branch="false"/><line number="186" hits="5" branch="false"/><line number="187" hits="5" branch="true" condition-coverage="50% (1/2)"><conditions><condition number="0" type="jump" coverage="50%"/></conditions></line><line number="188" hits="5" branch="false"/><line number="191" hits="6" branch="true" condition-coverage="100% (2/2)"><conditions><condition number="0" type="jump" coverage="100%"/></conditions></line><line number="193" hits="5" branch="false"/><line number="194" hits="5" branch="true" condition-coverage="50% (1/2)"><conditions><condition number="0" type="jump" coverage="50%"/></conditions></line><line number="197" hits="6" branch="true" condition-coverage="100% (2/2)"><conditions><condition number="0" type="jump" coverage="100%"/></conditions></line><line number="199" hits="5" branch="false"/><line number="200" hits="5" branch="true" condition-coverage="50% (1/2)"><conditions><condition number="0" type="jump" coverage="50%"/></conditions></line><line number="203" hits="1" branch="false"/></lines></class><class name="test_graph_c" filename="tests/test_graph.c" line-rate="0.9743589743589743" branch-rate="0.6041666666666666" complexity="0.0"><methods/><lines><line number="208" hits="1" branch="false"/><line number="210" hits="1" branch="false"/><line number="212" hits="1" branch="false"/><line number="214" hits="1" branch="true" condition-coverage="50% (1/2)"><conditions><condition number="0" type="jump" coverage="50%"/></conditions></line><line number="216" hits="1" branch="false"/><line number="217" hits="1" branch="true" condition-coverage="50% (1/2)"><conditions><condition number="0" type="jump" coverage="50%"/></conditions></line><line number="219" hits="1" branch="false"/><line number="220" hits="1" branch="true" condition-coverage="50% (1/2)"><conditions><condition number="0" type="jump" coverage="50%"/></conditions></line><line number="222" hits="1" branch="false"/><line number="223" hits="1" branch="true" condition-coverage="50% (1/2)"><conditions><condition number="0" type="jump" coverage="50%"/></conditions></line><line number="225" hits="1" branch="false"/><line number="226" hits="1" branch="true" condition-coverage="50% (1/2)"><conditions><condition number="0" type="jump" coverage="50%"/></conditions></line><line number="228" hits="1" branch="false"/><line number="229" hits="1" branch="true" condition-coverage="50% (1/2)"><conditions><condition number="0" type="jump" coverage="50%"/></conditions></line><line number="231" hits="1" branch="false"/><line number="232" hits="1" branch="true" condition-coverage="50% (1/2)"><conditions><condition number="0" type="jump" coverage="50%"/></conditions></line><line number="234" hits="1" branch="false"/><line number="235" hits="1" branch="true" condition-coverage="50% (1/2)"><conditions><condition number="0" type="jump" coverage="50%"/></conditions></line><line number="237" hits="1" branch="false"/><line number="238" hits="1" branch="true" condition-coverage="50% (1/2)"><conditions><condition number="0" type="jump" coverage="50%"/></conditions></line><line number="240" hits="1" branch="false"/><line number="241" hits="1" branch="false"/><line number="242" hits="1" branch="true" condition-coverage="50% (1/2)"><conditions><condition number="0" type="jump" coverage="50%"/></conditions></line><line number="244" hits="1" branch="false"/><line number="245" hits="1" branch="true" condition-coverage="50% (1/2)"><conditions><condition number="0" type="jump" coverage="50%"/></conditions></line><line number="247" hits="1" branch="false"/><line number="268" hits="1" branch="false"/><line number="270" hits="1" branch="false"/><line number="272" hits="1" branch="false"/><line number="274" hits="1" branch="false"/><line number="275" hits="1" branch="true" condition-coverage="50% (1/2)"><conditions><condition number="0" type="jump" coverage="50%"/></conditions></line><line number="276" hits="0" branch="false"/><line number="278" hits="1" branch="false"/><line number="280" hits="1" branch="false"/><line number="282" hits="1" branch="true" condition-coverage="50% (1/2)"><conditions><condition number="0" type="jump" coverage="50%"/></conditions></line><line number="283" hits="0" branch="false"/><line number="285" hits="6" branch="true" condition-coverage="100% (2/2)"><conditions><condition number="0" type="jump" coverage="100%"/></conditions></line><line number="286" hits="5" branch="false"/><line number="288" hits="1" branch="false"/><line number="289" hits="1" branch="false"/><line number="307" hits="7" branch="false"/><line number="309" hits="7" branch="false"/><line number="311" hits="7" branch="false"/><line number="313" hits="7" branch="true" condition-coverage="50% (1/2)"><conditions><condition number="0" type="jump" coverage="50%"/></conditions></line><line number="315" hits="7" branch="false"/><line number="316" hits="7" branch="true" condition-coverage="50% (1/2)"><conditions><condition number="0" type="jump" coverage="50%"/></conditions></line><line number="318" hits="7" branch="false"/><line number="319" hits="7" branch="false"/><line number="320" hits="7" branch="false"/><line number="322" hits="7" branch="false"/><line number="337" hits="1" branch="false"/><line number="339" hits="1" branch="false"/><line number="341" hits="1" branch="false"/><line number="343" hits="1" branch="false"/><line number="345" hits="1" branch="true" condition-coverage="50% (1/2)"><conditions><condition number="0" type="jump" coverage="50%"/></conditions></line><line number="347" hits="6" branch="true" condition-coverage="100% (2/2)"><conditions><condition number="0" type="jump" coverage="100%"/></conditions></line><line number="349" hits="5" branch="false"/><line number="351" hits="12" branch="true" condition-coverage="100% (2/2)"><conditions><condition number="0" type="jump" coverage="100%"/></conditions></line><line number="352" hits="7" branch="false"/><line number="354" hits="5" branch="false"/><line number="357" hits="1" branch="false"/><line number="374" hits="1" branch="false"/><line number="376" hits="1" branch="false"/><line number="378" hits="1" branch="false"/><line number="379" hits="1" branch="false"/><line number="381" hits="1" branch="false"/><line number="383" hits="6" branch="true" condition-coverage="100% (2/2)"><conditions><condition number="0" type="jump" coverage="100%"/></conditions></line><line number="385" hits="5" branch="false"/><line number="386" hits="12" branch="true" condition-coverage="100% (2/2)"><conditions><condition number="0" type="jump" coverage="100%"/></conditions></line><line number="388" hits="7" branch="false"/><line number="390" hits="7" branch="false"/><line number="391" hits="7" branch="true" condition-coverage="50% (1/2)"><conditions><condition number="0" type="jump" coverage="50%"/></conditions></line><line number="393" hits="7" branch="false"/><line number="397" hits="1" branch="false"/><line number="398" hits="1" branch="true" condition-coverage="50% (1/2)"><conditions><condition number="0" type="jump" coverage="50%"/></conditions></line><line number="400" hits="1" branch="false"/><line number="401" hits="1" branch="true" condition-coverage="50% (1/2)"><conditions><condition number="0" type="jump" coverage="50%"/></conditions></line><line number="403" hits="1" branch="false"/></lines></class><class name="test_internal_fragmentation_c" filename="tests/test_internal_fragmentation.c" line-rate="1.0" branch-rate="0.6666666666666666" complexity="0.0"><methods/><lines><line number="139" hits="1" branch="false"/><line number="141" hits="1" branch="false"/><line number="143" hits="1" branch="false"/><line number="144" hits="1" branch="true" condition-coverage="50% (1/2)"><conditions><condition number="0" type="jump" coverage="50%"/></conditions></line><line number="146" hits="1" branch="false"/><line number="147" hits="1" branch="false"/><line number="163" hits="1" branch="false"/><line number="165" hits="1" branch="false"/><line number="167" hits="1" branch="false"/><line number="169" hits="1" branch="false"/><line number="178" hits="1" branch="false"/><line number="179" hits="1" branch="false"/><line number="180" hits="1" branch="false"/><line number="181" hits="1" branch="false"/><line number="183" hits="1" branch="false"/><line number="185" hits="15" branch="true" condition-coverage="100% (2/2)"><conditions><condition number="0" type="jump" coverage="100%"/></conditions></line><line number="187" hits="14" branch="false"/><line number="188" hits="14" branch="false"/><line number="189" hits="14" branch="true" condition-coverage="50% (1/2)"><conditions><condition number="0" type="jump" coverage="50%"/></conditions></line><line number="191" hits="14" branch="true" condition-coverage="50% (1/2)"><conditions><condition number="0" type="jump" coverage="50%"/></conditions></line><line number="193" hits="451" branch="true" condition-coverage="100% (2/2)"><conditions><condition number="0" type="jump" coverage="100%"/></conditions></line><line number="194" hits="437" branch="false"/><line number="196" hits="14" branch="false"/><line number="197" hits="14" branch="true" condition-coverage="50% (1/2)"><conditions><condition number="0" type="jump" coverage="50%"/></conditions></line><line number="200" hits="1" branch="false"/></lines></class><class name="test_linked_list_c" filename="tests/test_linked_list.c" line-rate="0.9444444444444444" branch-rate="0.6818181818181818" complexity="0.0"><methods/><lines><line number="151" hits="1" branch="false"/><line number="153" hits="1" branch="false"/><line number="155" hits="1" branch="false"/><line number="156" hits="1" branch="false"/><line number="157" hits="1" branch="false"/><line number="158" hits="1" branch="false"/><line number="160" hits="1" branch="false"/><line number="162" hits="6" branch="true" condition-coverage="100% (2/2)"><conditions><condition number="0" type="jump" coverage="100%"/></conditions></line><line number="164" hits="5" branch="false"/><line number="165" hits="5" branch="true" condition-coverage="50% (1/2)"><conditions><condition number="0" type="jump" coverage="50%"/></conditions></line><line number="167" hits="5" branch="false"/><line number="168" hits="5" branch="false"/><line number="169" hits="5" branch="false"/><line number="172" hits="1" branch="false"/><line number="173" hits="1" branch="false"/><line number="174" hits="1" branch="true" condition-coverage="50% (1/2)"><conditions><condition number="0" type="jump" coverage="50%"/></conditions></line><line number="176" hits="1" branch="false"/><line number="177" hits="1" branch="true" condition-coverage="50% (1/2)"><conditions><condition number="0" type="jump" coverage="50%"/></conditions></line><line number="179" hits="1" branch="false"/><line number="180" hits="1" branch="false"/><line number="181" hits="1" branch="true" condition-coverage="50% (1/2)"><conditions><condition number="0" type="jump" coverage="50%"/></conditions></line><line number="183" hits="6" branch="true" condition-coverage="100% (2/2)"><conditions><condition number="0" type="jump" coverage="100%"/></conditions></line><line number="185" hits="5" branch="false"/><line number="186" hits="5" branch="false"/><line number="187" hits="5" branch="true" condition-coverage="50% (1/2)"><conditions><condition number="0" type="jump" coverage="50%"/></conditions></line><line number="188" hits="5" branch="false"/><line number="191" hits="1" branch="false"/><line number="210" hits="1" branch="false"/><line number="212" hits="1" branch="false"/><line number="213" hits="1" branch="false"/><line number="214" hits="1" branch="false"/><line number="216" hits="1" branch="true" condition-coverage="50% (1/2)"><conditions><condition number="0" type="jump" coverage="50%"/></conditions></line><line number="217" hits="0" branch="false"/><line number="219" hits="1" branch="false"/><line number="221" hits="6" branch="true" condition-coverage="100% (2/2)"><conditions><condition number="0" type="jump" coverage="100%"/></conditions></line><line number="223" hits="5" branch="false"/><line number="224" hits="5" branch="false"/><line number="225" hits="5" branch="false"/><line number="226" hits="5" branch="false"/><line number="229" hits="1" branch="false"/><line number="230" hits="1" branch="false"/><line number="245" hits="2" branch="false"/><line number="247" hits="2" branch="false"/><line number="249" hits="2" branch="false"/><line number="251" hits="2" branch="true" condition-coverage="50% (1/2)"><conditions><condition number="0" type="jump" coverage="50%"/></conditions></line><line number="253" hits="0" branch="false"/><line number="254" hits="0" branch="false"/><line number="257" hits="2" branch="false"/><line number="259" hits="12" branch="true" condition-coverage="100% (2/2)"><conditions><condition number="0" type="jump" coverage="100%"/></conditions></line><line number="261" hits="10" branch="false"/><line number="262" hits="10" branch="false"/><line number="265" hits="2" branch="false"/><line number="267" hits="2" branch="false"/><line number="268" hits="2" branch="false"/></lines></class><class name="test_max_heap_c" filename="tests/test_max_heap.c" line-rate="0.9333333333333333" branch-rate="0.75" complexity="0.0"><methods/><lines><line number="112" hits="1" branch="false"/><line number="114" hits="1" branch="false"/><line number="116" hits="1" branch="false"/><line number="120" hits="1" branch="false"/><line number="121" hits="1" branch="false"/><line number="123" hits="1001" branch="true" condition-coverage="100% (2/2)"><conditions><condition number="0" type="jump" coverage="100%"/></conditions></line><line number="125" hits="1000" branch="false"/><line number="126" hits="1000" branch="true" condition-coverage="50% (1/2)"><conditions><condition number="0" type="jump" coverage="50%"/></conditions></line><line number="127" hits="0" branch="false"/><line number="129" hits="1000" branch="false"/><line number="132" hits="1" branch="false"/><line number="136" hits="1001" branch="true" condition-coverage="100% (2/2)"><conditions><condition number="0" type="jump" coverage="100%"/></conditions></line><line number="138" hits="1000" branch="false"/><line number="139" hits="1000" branch="true" condition-coverage="50% (1/2)"><conditions><condition number="0" type="jump" coverage="50%"/></conditions></line><line number="142" hits="1" branch="false"/></lines></class><class name="test_memalloc_c" filename="tests/test_memalloc.c" line-rate="1.0" branch-rate="0.53125" complexity="0.0"><methods/><lines><line number="163" hits="1" branch="false"/><line number="165" hits="1" branch="false"/><line number="167" hits="1" branch="false"/><line number="168" hits="1" branch="true" condition-coverage="50% (1/2)"><conditions><condition number="0" type="jump" coverage="50%"/></conditions></line><line number="170" hits="1" branch="false"/><line number="171" hits="1" branch="true" condition-coverage="50% (1/2)"><conditions><condition number="0" type="jump" coverage="50%"/></conditions></line><line number="173" hits="1" branch="false"/><line number="174" hits="1" branch="true" condition-coverage="50% (1/2)"><conditions><condition number="0" type="jump" coverage="50%"/></conditions></line><line number="176" hits="1" branch="false"/><line number="177" hits="1" branch="true" condition-coverage="50% (1/2)"><conditions><condition number="0" type="jump" coverage="50%"/></conditions></line><line number="179" hits="1" branch="false"/><line number="181" hits="1" branch="false"/><line number="199" hits="1" branch="false"/><line number="201" hits="1" branch="false"/><line number="203" hits="1" branch="false"/><line number="205" hits="1" branch="false"/><line number="206" hits="1" branch="true" condition-coverage="50% (1/2)"><conditions><condition number="0" type="jump" coverage="50%"/></conditions></line><line number="208" hits="1" branch="false"/><line number="210" hits="1" branch="false"/><line number="211" hits="1" branch="true" condition-coverage="50% (1/2)"><conditions><condition number="0" type="jump" coverage="50%"/></conditions></line><line number="213" hits="1" branch="false"/><line number="226" hits="1" branch="false"/><line number="228" hits="1" branch="false"/><line number="230" hits="1" branch="false"/><line number="232" hits="1" branch="false"/><line number="234" hits="1" branch="false"/><line number="235" hits="1" branch="true" condition-coverage="50% (1/2)"><conditions><condition number="0" type="jump" coverage="50%"/></conditions></line><line number="237" hits="11" branch="true" condition-coverage="100% (2/2)"><conditions><condition number="0" type="jump" coverage="100%"/></conditions></line><line number="239" hits="10" branch="true" condition-coverage="50% (1/2)"><conditions><condition number="0" type="jump" coverage="50%"/></conditions></line><line number="242" hits="1" branch="false"/><line number="243" hits="1" branch="true" condition-coverage="50% (1/2)"><conditions><condition number="0" type="jump" coverage="50%"/></conditions></line><line number="245" hits="1" branch="false"/><line number="258" hits="1" branch="false"/><line number="260" hits="1" branch="false"/><line number="262" hits="1" branch="false"/><line number="263" hits="1" branch="false"/><line number="265" hits="1" branch="false"/><line number="266" hits="1" branch="true" condition-coverage="50% (1/2)"><conditions><condition number="0" type="jump" coverage="50%"/></conditions></line><line number="268" hits="1" branch="false"/><line number="270" hits="1" branch="false"/><line number="271" hits="1" branch="true" condition-coverage="50% (1/2)"><conditions><condition number="0" type="jump" coverage="50%"/></conditions></line><line number="273" hits="1" branch="true" condition-coverage="50% (1/2)"><conditions><condition number="0" type="jump" coverage="50%"/></conditions></line><line number="275" hits="1" branch="false"/><line number="276" hits="1" branch="true" condition-coverage="50% (1/2)"><conditions><condition number="0" type="jump" coverage="50%"/></conditions></line><line number="278" hits="1" branch="false"/><line number="292" hits="1" branch="false"/><line number="294" hits="1" branch="false"/><line number="296" hits="1" branch="false"/><line number="297" hits="1" branch="true" condition-coverage="50% (1/2)"><conditions><condition number="0" type="jump" coverage="50%"/></conditions></line><line number="299" hits="1" branch="true" condition-coverage="50% (1/2)"><conditions><condition number="0" type="jump" coverage="50%"/></conditions></line><line number="301" hits="1" branch="false"/></lines></class><class name="test_multi_strategy_c" filename="tests/test_multi_strategy.c" line-rate="1.0" branch-rate="0.5" complexity="0.0"><methods/><lines><line number="134" hits="1" branch="false"/><line number="136" hits="1" branch="false"/><line number="138" hits="1" branch="false"/><line number="140" hits="1" branch="true" condition-coverage="50% (1/2)"><conditions><condition number="0" type="jump" coverage="50%"/></conditions></line><line number="142" hits="1" branch="false"/><line number="143" hits="1" branch="false"/><line number="159" hits="1" branch="false"/><line number="161" hits="1" branch="false"/><line number="163" hits="1" branch="false"/><line number="165" hits="1" branch="false"/><line number="166" hits="1" branch="true" condition-coverage="50% (1/2)"><conditions><condition number="0" type="jump" coverage="50%"/></conditions></line><line number="167" hits="1" branch="false"/><line number="169" hits="1" branch="false"/><line number="170" hits="1" branch="true" condition-coverage="50% (1/2)"><conditions><condition number="0" type="jump" coverage="50%"/></conditions></line><line number="172" hits="1" branch="false"/><line number="173" hits="1" branch="true" condition-coverage="50% (1/2)"><conditions><condition number="0" type="jump" coverage="50%"/></conditions></line><line number="174" hits="1" branch="false"/><line number="176" hits="1" branch="false"/><line number="177" hits="1" branch="true" condition-coverage="50% (1/2)"><conditions><condition number="0" type="jump" coverage="50%"/></conditions></line><line number="179" hits="1" branch="false"/><line number="180" hits="1" branch="true" condition-coverage="50% (1/2)"><conditions><condition number="0" type="jump" coverage="50%"/></conditions></line><line number="182" hits="1" branch="false"/><line number="183" hits="1" branch="false"/><line number="184" hits="1" branch="true" condition-coverage="50% (1/2)"><conditions><condition number="0" type="jump" coverage="50%"/></conditions></line><line number="186" hits="1" branch="false"/></lines></class><class name="test_realloc_c" filename="tests/test_realloc.c" line-rate="1.0" branch-rate="0.5" complexity="0.0"><methods/><lines><line number="158" hits="1" branch="false"/><line number="160" hits="1" branch="false"/><line number="161" hits="1" branch="true" condition-coverage="50% (1/2)"><conditions><condition number="0" type="jump" coverage="50%"/></conditions></line><line number="163" hits="1" branch="false"/><line number="164" hits="1" branch="false"/><line number="182" hits="1" branch="false"/><line number="184" hits="1" branch="false"/><line number="186" hits="1" branch="false"/><line number="187" hits="1" branch="false"/><line number="188" hits="1" branch="false"/><line number="189" hits="1" branch="false"/><line number="191" hits="1" branch="false"/><line number="193" hits="1" branch="false"/><line number="195" hits="1" branch="false"/><line number="197" hits="1" branch="true" condition-coverage="50% (1/2)"><conditions><condition number="0" type="jump" coverage="50%"/></conditions></line><line number="199" hits="1" branch="false"/><line number="201" hits="1" branch="true" condition-coverage="50% (1/2)"><conditions><condition number="0" type="jump" coverage="50%"/></conditions></line><line number="203" hits="1" branch="false"/></lines></class></classes></package></packages></coverage>