<?xml version='1.0' encoding='UTF-8'?>
<coverage line-rate="0.7037325038880249" branch-rate="0.5017857142857143" lines-covered="905" lines-valid="1286" branches-covered="281" branches-valid="560" complexity="0.0" timestamp="1764823886" version="gcovr 7.0"><sources><source>../..</source></sources><packages><package name="inc" line-rate="0.8888888888888888" branch-rate="0.6666666666666666" complexity="0.0"><classes><class name="logs_h" filename="inc/logs.h" line-rate="0.8888888888888888" branch-rate="0.6666666666666666" complexity="0.0"><methods/><lines><line number="264" hits="19188" branch="false"/><line number="273" hits="19188" branch="false"/><line number="275" hits="19188" branch="false"/><line number="280" hits="19188" branch="false"/><line number="282" hits="19188" branch="false"/><line number="284" hits="19188" branch="false"/><line number="286" hits="19188" branch="true" condition-coverage="50% (1/2)"><conditions><condition number="0" type="jump" coverage="50%"/></conditions></line><line number="288" hits="0" branch="false"/><line number="289" hits="0" branch="false"/><line number="292" hits="19188" branch="false"/><line number="294" hits="19188" branch="false"/><line number="296" hits="19188" branch="false"/><line number="298" hits="19188" branch="false"/><line number="299" hits="19188" branch="false"/><line number="301" hits="19188" branch="true" condition-coverage="100% (2/2)"><conditions><condition number="0" type="jump" coverage="100%"/></conditions></line><line number="302" hits="19188" branch="false"/><line number="304" hits="19188" branch="false"/><line number="311" hits="19188" branch="true" condition-coverage="50% (1/2)"><conditions><condition number="0" type="jump" coverage="50%"/></conditions></line><line number="312" hits="0" branch="false"/><line number="314" hits="19188" branch="false"/><line number="317" hits="19188" branch="false"/><line number="318" hits="19188" branch="false"/><line number="319" hits="19188" branch="false"/><line number="321" hits="19188" branch="false"/><line number="322" hits="19188" branch="false"/><line number="324" hits="19188" branch="false"/><line number="325" hits="19188" branch="false"/></lines></class></classes></package><package name="src" line-rate="0.6067653276955602" branch-rate="0.45" complexity="0.0"><classes><class name="libmemalloc_c" filename="src/libmemalloc.c" line-rate="0.6067653276955602" branch-rate="0.45" complexity="0.0"><methods/><lines><line number="1088" hits="9" branch="false"/><line number="1090" hits="9" branch="false"/><line number="1092" hits="9" branch="false"/><line number="1093" hits="9" branch="false"/><line number="1095" hits="9" branch="false"/><line number="1097" hits="9" branch="false"/><line number="1118" hits="9" branch="false"/><line number="1120" hits="9" branch="false"/><line number="1124" hits="9" branch="false"/><line number="1126" hits="9" branch="false"/><line number="1128" hits="9" branch="false"/><line number="1129" hits="9" branch="false"/><line number="1131" hits="9" branch="false"/><line number="1133" hits="9" branch="false"/><line number="1135" hits="9" branch="true" condition-coverage="50% (1/2)"><conditions><condition number="0" type="jump" coverage="50%"/></conditions></line><line number="1137" hits="0" branch="false"/><line number="1138" hits="0" branch="false"/><line number="1142" hits="0" branch="false"/><line number="1145" hits="9" branch="false"/><line number="1147" hits="9" branch="false"/><line number="1148" hits="9" branch="true" condition-coverage="50% (1/2)"><conditions><condition number="0" type="jump" coverage="50%"/></conditions></line><line number="1149" hits="0" branch="false"/><line number="1151" hits="9" branch="false"/><line number="1152" hits="9" branch="true" condition-coverage="50% (1/2)"><conditions><condition number="0" type="jump" coverage="50%"/></conditions></line><line number="1153" hits="0" branch="false"/><line number="1155" hits="9" branch="false"/><line number="1156" hits="9" branch="true" condition-coverage="50% (1/2)"><conditions><condition number="0" type="jump" coverage="50%"/></conditions></line><line number="1157" hits="0" branch="false"/><line number="1159" hits="9" branch="false"/><line number="1160" hits="9" branch="true" condition-coverage="50% (1/2)"><conditions><condition number="0" type="jump" coverage="50%"/></conditions></line><line number="1161" hits="0" branch="false"/><line number="1163" hits="9" branch="true" condition-coverage="50% (1/2)"><conditions><condition number="0" type="jump" coverage="50%"/></conditions></line><line number="1164" hits="9" branch="false"/><line number="1166" hits="9" branch="false"/><line number="1168" hits="9" branch="false"/><line number="1169" hits="9" branch="true" condition-coverage="50% (1/2)"><conditions><condition number="0" type="jump" coverage="50%"/></conditions></line><line number="1171" hits="9" branch="false"/><line number="1172" hits="9" branch="false"/><line number="1176" hits="0" branch="false"/><line number="1177" hits="0" branch="false"/><line number="1180" hits="9" branch="true" condition-coverage="50% (1/2)"><conditions><condition number="0" type="jump" coverage="50%"/></conditions></line><line number="1186" hits="9" branch="false"/><line number="1187" hits="9" branch="false"/><line number="1210" hits="1104" branch="false"/><line number="1212" hits="1104" branch="false"/><line number="1214" hits="1104" branch="false"/><line number="1215" hits="1104" branch="false"/><line number="1216" hits="1104" branch="false"/><line number="1218" hits="1104" branch="false"/><line number="1220" hits="1104" branch="false"/><line number="1222" hits="1104" branch="false"/><line number="1224" hits="1104" branch="true" condition-coverage="50% (2/4)"><conditions><condition number="0" type="jump" coverage="50%"/></conditions></line><line number="1226" hits="0" branch="false"/><line number="1227" hits="0" branch="false"/><line number="1232" hits="0" branch="false"/><line number="1235" hits="1104" branch="false"/><line number="1237" hits="1104" branch="true" condition-coverage="50% (1/2)"><conditions><condition number="0" type="jump" coverage="50%"/></conditions></line><line number="1239" hits="0" branch="false"/><line number="1240" hits="0" branch="true" condition-coverage="0% (0/4)"><conditions><condition number="0" type="jump" coverage="0%"/></conditions></line><line number="1242" hits="0" branch="false"/><line number="1243" hits="0" branch="false"/><line number="1247" hits="1104" branch="false"/><line number="1249" hits="141491" branch="true" condition-coverage="100% (2/2)"><conditions><condition number="0" type="jump" coverage="100%"/></conditions></line><line number="1251" hits="140387" branch="false"/><line number="1252" hits="140387" branch="false"/><line number="1253" hits="140387" branch="false"/><line number="1254" hits="140387" branch="false"/><line number="1257" hits="1104" branch="false"/><line number="1258" hits="1104" branch="true" condition-coverage="50% (1/2)"><conditions><condition number="0" type="jump" coverage="50%"/></conditions></line><line number="1260" hits="0" branch="false"/><line number="1261" hits="0" branch="false"/><line number="1264" hits="1104" branch="false"/><line number="1265" hits="1104" branch="false"/><line number="1270" hits="1104" branch="false"/><line number="1271" hits="1104" branch="false"/><line number="1293" hits="2" branch="false"/><line number="1295" hits="2" branch="false"/><line number="1297" hits="2" branch="false"/><line number="1298" hits="2" branch="false"/><line number="1299" hits="2" branch="false"/><line number="1300" hits="2" branch="false"/><line number="1301" hits="2" branch="false"/><line number="1303" hits="2" branch="false"/><line number="1304" hits="2" branch="false"/><line number="1306" hits="2" branch="false"/><line number="1308" hits="2" branch="true" condition-coverage="50% (4/8)"><conditions><condition number="0" type="jump" coverage="50%"/></conditions></line><line number="1310" hits="0" branch="false"/><line number="1311" hits="0" branch="false"/><line number="1317" hits="0" branch="false"/><line number="1320" hits="2" branch="false"/><line number="1321" hits="2" branch="false"/><line number="1323" hits="2" branch="true" condition-coverage="50% (1/2)"><conditions><condition number="0" type="jump" coverage="50%"/></conditions></line><line number="1325" hits="0" branch="false"/><line number="1326" hits="0" branch="true" condition-coverage="0% (0/4)"><conditions><condition number="0" type="jump" coverage="0%"/></conditions></line><line number="1328" hits="0" branch="false"/><line number="1329" hits="0" branch="false"/><line number="1333" hits="6" branch="true" condition-coverage="100% (2/2)"><conditions><condition number="0" type="jump" coverage="100%"/></conditions></line><line number="1335" hits="4" branch="false"/><line number="1336" hits="4" branch="false"/><line number="1338" hits="4" branch="false"/><line number="1339" hits="4" branch="false"/><line number="1341" hits="4" branch="false"/><line number="1342" hits="4" branch="false"/><line number="1344" hits="4" branch="false"/><line number="1347" hits="2" branch="false"/><line number="1348" hits="2" branch="true" condition-coverage="50% (1/2)"><conditions><condition number="0" type="jump" coverage="50%"/></conditions></line><line number="1350" hits="0" branch="false"/><line number="1351" hits="0" branch="false"/><line number="1354" hits="2" branch="false"/><line number="1355" hits="2" branch="false"/><line number="1357" hits="2" branch="false"/><line number="1358" hits="2" branch="false"/><line number="1378" hits="1103" branch="false"/><line number="1380" hits="1103" branch="false"/><line number="1381" hits="1103" branch="false"/><line number="1383" hits="1103" branch="false"/><line number="1384" hits="1103" branch="true" condition-coverage="50% (1/2)"><conditions><condition number="0" type="jump" coverage="50%"/></conditions></line><line number="1386" hits="0" branch="false"/><line number="1387" hits="0" branch="false"/><line number="1390" hits="0" branch="false"/><line number="1393" hits="1103" branch="true" condition-coverage="50% (1/2)"><conditions><condition number="0" type="jump" coverage="50%"/></conditions></line><line number="1395" hits="0" branch="false"/><line number="1396" hits="0" branch="false"/><line number="1400" hits="0" branch="false"/><line number="1403" hits="1103" branch="false"/><line number="1404" hits="1103" branch="true" condition-coverage="50% (1/2)"><conditions><condition number="0" type="jump" coverage="50%"/></conditions></line><line number="1406" hits="0" branch="false"/><line number="1407" hits="0" branch="false"/><line number="1410" hits="0" branch="false"/><line number="1413" hits="1103" branch="false"/><line number="1418" hits="1103" branch="false"/><line number="1419" hits="1103" branch="false"/><line number="1444" hits="5251" branch="false"/><line number="1447" hits="5251" branch="false"/><line number="1449" hits="5251" branch="false"/><line number="1451" hits="5251" branch="false"/><line number="1452" hits="5251" branch="false"/><line number="1453" hits="5251" branch="false"/><line number="1454" hits="5251" branch="false"/><line number="1455" hits="5251" branch="false"/><line number="1457" hits="5251" branch="false"/><line number="1458" hits="5251" branch="false"/><line number="1459" hits="5251" branch="false"/><line number="1461" hits="5251" branch="false"/><line number="1462" hits="5251" branch="false"/><line number="1464" hits="5251" branch="false"/><line number="1465" hits="5251" branch="false"/><line number="1467" hits="5251" branch="true" condition-coverage="50% (2/4)"><conditions><condition number="0" type="jump" coverage="50%"/></conditions></line><line number="1469" hits="0" branch="false"/><line number="1470" hits="0" branch="false"/><line number="1474" hits="0" branch="false"/><line number="1477" hits="5251" branch="false"/><line number="1478" hits="5251" branch="false"/><line number="1479" hits="5251" branch="false"/><line number="1480" hits="5251" branch="false"/><line number="1481" hits="5251" branch="false"/><line number="1483" hits="5251" branch="true" condition-coverage="75% (3/4)"><conditions><condition number="0" type="jump" coverage="75%"/></conditions></line><line number="1485" hits="5250" branch="false"/><line number="1489" hits="1" branch="true" condition-coverage="50% (1/2)"><conditions><condition number="0" type="jump" coverage="50%"/></conditions></line><line number="1491" hits="0" branch="false"/><line number="1492" hits="0" branch="false"/><line number="1494" hits="0" branch="true" condition-coverage="0% (0/4)"><conditions><condition number="0" type="jump" coverage="0%"/></conditions></line><line number="1496" hits="0" branch="false"/><line number="1497" hits="0" branch="false"/><line number="1502" hits="5251" branch="true" condition-coverage="75% (3/4)"><conditions><condition number="0" type="jump" coverage="75%"/></conditions></line><line number="1504" hits="1" branch="false"/><line number="1505" hits="1" branch="false"/><line number="1511" hits="1" branch="false"/><line number="1514" hits="5250" branch="true" condition-coverage="50% (1/2)"><conditions><condition number="0" type="jump" coverage="50%"/></conditions></line><line number="1516" hits="0" branch="false"/><line number="1517" hits="0" branch="false"/><line number="1522" hits="0" branch="false"/><line number="1525" hits="5250" branch="true" condition-coverage="50% (1/2)"><conditions><condition number="0" type="jump" coverage="50%"/></conditions></line><line number="1527" hits="5250" branch="false"/><line number="1529" hits="5250" branch="true" condition-coverage="50% (1/2)"><conditions><condition number="0" type="jump" coverage="50%"/></conditions></line><line number="1531" hits="0" branch="false"/><line number="1532" hits="0" branch="false"/><line number="1538" hits="0" branch="false"/><line number="1541" hits="5250" branch="true" condition-coverage="50% (1/2)"><conditions><condition number="0" type="jump" coverage="50%"/></conditions></line><line number="1543" hits="0" branch="false"/><line number="1544" hits="0" branch="false"/><line number="1549" hits="0" branch="false"/><line number="1554" hits="0" branch="true" condition-coverage="0% (0/2)"><conditions><condition number="0" type="jump" coverage="0%"/></conditions></line><line number="1556" hits="0" branch="false"/><line number="1557" hits="0" branch="false"/><line number="1563" hits="0" branch="false"/><line number="1567" hits="5250" branch="false"/><line number="1569" hits="5250" branch="true" condition-coverage="50% (1/2)"><conditions><condition number="0" type="jump" coverage="50%"/></conditions></line><line number="1571" hits="0" branch="false"/><line number="1572" hits="0" branch="false"/><line number="1578" hits="0" branch="false"/><line number="1581" hits="5250" branch="true" condition-coverage="50% (1/2)"><conditions><condition number="0" type="jump" coverage="50%"/></conditions></line><line number="1583" hits="0" branch="false"/><line number="1584" hits="0" branch="false"/><line number="1590" hits="0" branch="false"/><line number="1593" hits="5250" branch="true" condition-coverage="50% (2/4)"><conditions><condition number="0" type="jump" coverage="50%"/></conditions></line><line number="1595" hits="0" branch="false"/><line number="1596" hits="0" branch="false"/><line number="1602" hits="0" branch="false"/><line number="1604" hits="5250" branch="true" condition-coverage="25% (1/4)"><conditions><condition number="0" type="jump" coverage="25%"/></conditions></line><line number="1606" hits="0" branch="false"/><line number="1607" hits="0" branch="false"/><line number="1613" hits="0" branch="false"/><line number="1616" hits="5250" branch="true" condition-coverage="50% (1/2)"><conditions><condition number="0" type="jump" coverage="50%"/></conditions></line><line number="1618" hits="0" branch="false"/><line number="1619" hits="0" branch="false"/><line number="1625" hits="0" branch="false"/><line number="1628" hits="5250" branch="true" condition-coverage="50% (2/4)"><conditions><condition number="0" type="jump" coverage="50%"/></conditions></line><line number="1630" hits="0" branch="false"/><line number="1631" hits="0" branch="false"/><line number="1637" hits="0" branch="false"/><line number="1640" hits="5250" branch="false"/><line number="1641" hits="5250" branch="false"/><line number="1643" hits="5250" branch="true" condition-coverage="50% (1/2)"><conditions><condition number="0" type="jump" coverage="50%"/></conditions></line><line number="1645" hits="5250" branch="true" condition-coverage="50% (1/2)"><conditions><condition number="0" type="jump" coverage="50%"/></conditions></line><line number="1647" hits="0" branch="false"/><line number="1648" hits="0" branch="false"/><line number="1653" hits="0" branch="false"/><line number="1658" hits="0" branch="true" condition-coverage="0% (0/2)"><conditions><condition number="0" type="jump" coverage="0%"/></conditions></line><line number="1660" hits="0" branch="false"/><line number="1661" hits="0" branch="false"/><line number="1665" hits="0" branch="false"/><line number="1668" hits="0" branch="true" condition-coverage="0% (0/2)"><conditions><condition number="0" type="jump" coverage="0%"/></conditions></line><line number="1670" hits="0" branch="false"/><line number="1671" hits="0" branch="false"/><line number="1676" hits="0" branch="false"/><line number="1680" hits="5250" branch="true" condition-coverage="50% (1/2)"><conditions><condition number="0" type="jump" coverage="50%"/></conditions></line><line number="1685" hits="5251" branch="false"/><line number="1686" hits="5251" branch="false"/><line number="1706" hits="5299" branch="false"/><line number="1708" hits="5299" branch="false"/><line number="1710" hits="5299" branch="false"/><line number="1711" hits="5299" branch="false"/><line number="1713" hits="5299" branch="true" condition-coverage="50% (1/2)"><conditions><condition number="0" type="jump" coverage="50%"/></conditions></line><line number="1715" hits="0" branch="false"/><line number="1716" hits="0" branch="false"/><line number="1720" hits="0" branch="false"/><line number="1723" hits="5299" branch="true" condition-coverage="50% (1/2)"><conditions><condition number="0" type="jump" coverage="50%"/></conditions></line><line number="1725" hits="0" branch="false"/><line number="1726" hits="0" branch="false"/><line number="1730" hits="0" branch="false"/><line number="1733" hits="5299" branch="false"/><line number="1734" hits="5299" branch="false"/><line number="1736" hits="5299" branch="true" condition-coverage="50% (1/2)"><conditions><condition number="0" type="jump" coverage="50%"/></conditions></line><line number="1738" hits="0" branch="false"/><line number="1744" hits="0" branch="false"/><line number="1748" hits="5299" branch="false"/><line number="1756" hits="5299" branch="false"/><line number="1758" hits="5299" branch="false"/><line number="1759" hits="5299" branch="false"/><line number="1779" hits="2104" branch="false"/><line number="1782" hits="2104" branch="false"/><line number="1784" hits="2104" branch="false"/><line number="1786" hits="2104" branch="true" condition-coverage="50% (2/4)"><conditions><condition number="0" type="jump" coverage="50%"/></conditions></line><line number="1788" hits="0" branch="false"/><line number="1789" hits="0" branch="false"/><line number="1794" hits="0" branch="false"/><line number="1797" hits="2104" branch="false"/><line number="1798" hits="2104" branch="true" condition-coverage="50% (1/2)"><conditions><condition number="0" type="jump" coverage="50%"/></conditions></line><line number="1800" hits="0" branch="false"/><line number="1801" hits="0" branch="false"/><line number="1804" hits="2104" branch="false"/><line number="1806" hits="2104" branch="false"/><line number="1807" hits="2104" branch="true" condition-coverage="100% (2/2)"><conditions><condition number="0" type="jump" coverage="100%"/></conditions></line><line number="1808" hits="1022" branch="false"/><line number="1810" hits="2104" branch="false"/><line number="1811" hits="2104" branch="false"/><line number="1816" hits="2104" branch="false"/><line number="1817" hits="2104" branch="false"/><line number="1838" hits="1091" branch="false"/><line number="1841" hits="1091" branch="false"/><line number="1843" hits="1091" branch="false"/><line number="1845" hits="1091" branch="true" condition-coverage="50% (2/4)"><conditions><condition number="0" type="jump" coverage="50%"/></conditions></line><line number="1847" hits="0" branch="false"/><line number="1848" hits="0" branch="false"/><line number="1853" hits="0" branch="false"/><line number="1856" hits="1091" branch="false"/><line number="1857" hits="1091" branch="true" condition-coverage="50% (1/2)"><conditions><condition number="0" type="jump" coverage="50%"/></conditions></line><line number="1859" hits="0" branch="false"/><line number="1860" hits="0" branch="false"/><line number="1863" hits="1091" branch="true" condition-coverage="100% (2/2)"><conditions><condition number="0" type="jump" coverage="100%"/></conditions></line><line number="1864" hits="4" branch="false"/><line number="1866" hits="1087" branch="false"/><line number="1868" hits="1091" branch="true" condition-coverage="100% (2/2)"><conditions><condition number="0" type="jump" coverage="100%"/></conditions></line><line number="1869" hits="17" branch="false"/><line number="1871" hits="1091" branch="false"/><line number="1872" hits="1091" branch="false"/><line number="1874" hits="1091" branch="false"/><line number="1879" hits="1091" branch="false"/><line number="1880" hits="1091" branch="false"/><line number="1903" hits="9" branch="false"/><line number="1905" hits="9" branch="false"/><line number="1909" hits="9" branch="false"/><line number="1910" hits="9" branch="false"/><line number="1912" hits="9" branch="false"/><line number="1913" hits="9" branch="false"/><line number="1915" hits="9" branch="false"/><line number="1917" hits="9" branch="false"/><line number="1918" hits="9" branch="false"/><line number="1920" hits="9" branch="false"/><line number="1922" hits="9" branch="false"/><line number="1923" hits="9" branch="false"/><line number="1925" hits="9" branch="false"/><line number="1926" hits="9" branch="true" condition-coverage="50% (1/2)"><conditions><condition number="0" type="jump" coverage="50%"/></conditions></line><line number="1928" hits="0" branch="false"/><line number="1929" hits="0" branch="false"/><line number="1933" hits="0" branch="false"/><line number="1936" hits="9" branch="false"/><line number="1937" hits="9" branch="false"/><line number="1939" hits="9" branch="true" condition-coverage="50% (1/2)"><conditions><condition number="0" type="jump" coverage="50%"/></conditions></line><line number="1941" hits="0" branch="false"/><line number="1942" hits="0" branch="true" condition-coverage="0% (0/4)"><conditions><condition number="0" type="jump" coverage="0%"/></conditions></line><line number="1944" hits="0" branch="false"/><line number="1945" hits="0" branch="false"/><line number="1949" hits="0" branch="false"/><line number="1953" hits="9" branch="false"/><line number="1954" hits="9" branch="false"/><line number="1955" hits="9" branch="false"/><line number="1957" hits="9" branch="false"/><line number="1960" hits="9" branch="false"/><line number="1961" hits="9" branch="true" condition-coverage="50% (1/2)"><conditions><condition number="0" type="jump" coverage="50%"/></conditions></line><line number="1963" hits="0" branch="false"/><line number="1964" hits="0" branch="false"/><line number="1967" hits="0" branch="false"/><line number="1970" hits="9" branch="false"/><line number="1972" hits="9" branch="false"/><line number="1974" hits="9" branch="false"/><line number="1976" hits="9" branch="false"/><line number="1977" hits="9" branch="true" condition-coverage="50% (1/2)"><conditions><condition number="0" type="jump" coverage="50%"/></conditions></line><line number="1979" hits="0" branch="false"/><line number="1980" hits="0" branch="false"/><line number="1983" hits="0" branch="false"/><line number="1986" hits="9" branch="false"/><line number="1988" hits="9" branch="false"/><line number="1989" hits="9" branch="false"/><line number="1991" hits="9" branch="false"/><line number="1994" hits="9" branch="false"/><line number="1996" hits="9" branch="false"/><line number="1998" hits="9" branch="false"/><line number="2000" hits="9" branch="false"/><line number="2001" hits="9" branch="false"/><line number="2002" hits="9" branch="false"/><line number="2004" hits="9" branch="false"/><line number="2006" hits="9" branch="true" condition-coverage="50% (1/2)"><conditions><condition number="0" type="jump" coverage="50%"/></conditions></line><line number="2007" hits="0" branch="false"/><line number="2010" hits="9" branch="false"/><line number="2011" hits="9" branch="true" condition-coverage="50% (1/2)"><conditions><condition number="0" type="jump" coverage="50%"/></conditions></line><line number="2012" hits="0" branch="false"/><line number="2014" hits="9" branch="false"/><line number="2015" hits="9" branch="true" condition-coverage="50% (1/2)"><conditions><condition number="0" type="jump" coverage="50%"/></conditions></line><line number="2017" hits="0" branch="false"/><line number="2020" hits="0" branch="false"/><line number="2031" hits="9" branch="false"/><line number="2036" hits="9" branch="false"/><line number="2037" hits="9" branch="false"/><line number="2058" hits="1067" branch="false"/><line number="2061" hits="1067" branch="false"/><line number="2063" hits="1067" branch="false"/><line number="2065" hits="1067" branch="true" condition-coverage="50% (1/2)"><conditions><condition number="0" type="jump" coverage="50%"/></conditions></line><line number="2067" hits="0" branch="false"/><line number="2068" hits="0" branch="false"/><line number="2072" hits="0" branch="false"/><line number="2075" hits="1067" branch="false"/><line number="2077" hits="1067" branch="true" condition-coverage="50% (1/2)"><conditions><condition number="0" type="jump" coverage="50%"/></conditions></line><line number="2078" hits="0" branch="false"/><line number="2080" hits="1067" branch="false"/><line number="2082" hits="1067" branch="false"/><line number="2084" hits="1067" branch="false"/><line number="2085" hits="1067" branch="false"/><line number="2086" hits="1067" branch="false"/><line number="2088" hits="1067" branch="false"/><line number="2090" hits="1067" branch="false"/><line number="2091" hits="1067" branch="false"/><line number="2093" hits="1067" branch="false"/><line number="2094" hits="1067" branch="false"/><line number="2117" hits="0" branch="false"/><line number="2120" hits="0" branch="false"/><line number="2122" hits="0" branch="false"/><line number="2124" hits="0" branch="false"/><line number="2126" hits="0" branch="false"/><line number="2127" hits="0" branch="false"/><line number="2129" hits="0" branch="false"/><line number="2130" hits="0" branch="false"/><line number="2132" hits="0" branch="true" condition-coverage="0% (0/2)"><conditions><condition number="0" type="jump" coverage="0%"/></conditions></line><line number="2134" hits="0" branch="false"/><line number="2135" hits="0" branch="false"/><line number="2139" hits="0" branch="false"/><line number="2142" hits="0" branch="false"/><line number="2143" hits="0" branch="false"/><line number="2145" hits="0" branch="false"/><line number="2151" hits="0" branch="true" condition-coverage="0% (0/2)"><conditions><condition number="0" type="jump" coverage="0%"/></conditions></line><line number="2153" hits="0" branch="false"/><line number="2154" hits="0" branch="false"/><line number="2158" hits="0" branch="false"/><line number="2162" hits="0" branch="false"/><line number="2163" hits="0" branch="true" condition-coverage="0% (0/2)"><conditions><condition number="0" type="jump" coverage="0%"/></conditions></line><line number="2165" hits="0" branch="false"/><line number="2166" hits="0" branch="false"/><line number="2167" hits="0" branch="false"/><line number="2171" hits="0" branch="false"/><line number="2174" hits="0" branch="false"/><line number="2175" hits="0" branch="false"/><line number="2176" hits="0" branch="false"/><line number="2177" hits="0" branch="false"/><line number="2179" hits="0" branch="false"/><line number="2181" hits="0" branch="false"/><line number="2182" hits="0" branch="false"/><line number="2183" hits="0" branch="false"/><line number="2184" hits="0" branch="false"/><line number="2185" hits="0" branch="false"/><line number="2186" hits="0" branch="false"/><line number="2187" hits="0" branch="false"/><line number="2188" hits="0" branch="false"/><line number="2190" hits="0" branch="false"/><line number="2191" hits="0" branch="false"/><line number="2192" hits="0" branch="false"/><line number="2194" hits="0" branch="false"/><line number="2196" hits="0" branch="false"/><line number="2197" hits="0" branch="false"/><line number="2219" hits="0" branch="false"/><line number="2221" hits="0" branch="false"/><line number="2223" hits="0" branch="false"/><line number="2224" hits="0" branch="false"/><line number="2226" hits="0" branch="false"/><line number="2228" hits="0" branch="true" condition-coverage="0% (0/4)"><conditions><condition number="0" type="jump" coverage="0%"/></conditions></line><line number="2230" hits="0" branch="false"/><line number="2231" hits="0" branch="false"/><line number="2236" hits="0" branch="false"/><line number="2239" hits="0" branch="false"/><line number="2240" hits="0" branch="true" condition-coverage="0% (0/2)"><conditions><condition number="0" type="jump" coverage="0%"/></conditions></line><line number="2242" hits="0" branch="true" condition-coverage="0% (0/2)"><conditions><condition number="0" type="jump" coverage="0%"/></conditions></line><line number="2244" hits="0" branch="false"/><line number="2246" hits="0" branch="true" condition-coverage="0% (0/2)"><conditions><condition number="0" type="jump" coverage="0%"/></conditions></line><line number="2248" hits="0" branch="false"/><line number="2249" hits="0" branch="false"/><line number="2253" hits="0" branch="false"/><line number="2256" hits="0" branch="false"/><line number="2257" hits="0" branch="false"/><line number="2259" hits="0" branch="false"/><line number="2260" hits="0" branch="true" condition-coverage="0% (0/2)"><conditions><condition number="0" type="jump" coverage="0%"/></conditions></line><line number="2262" hits="0" branch="false"/><line number="2266" hits="0" branch="false"/><line number="2269" hits="0" branch="false"/><line number="2273" hits="0" branch="false"/><line number="2277" hits="0" branch="false"/><line number="2278" hits="0" branch="false"/><line number="2302" hits="2102" branch="false"/><line number="2306" hits="2102" branch="false"/><line number="2308" hits="2102" branch="false"/><line number="2310" hits="2102" branch="false"/><line number="2311" hits="2102" branch="false"/><line number="2313" hits="2102" branch="true" condition-coverage="50% (2/4)"><conditions><condition number="0" type="jump" coverage="50%"/></conditions></line><line number="2315" hits="0" branch="false"/><line number="2316" hits="0" branch="false"/><line number="2321" hits="0" branch="false"/><line number="2324" hits="2102" branch="false"/><line number="2325" hits="2102" branch="true" condition-coverage="50% (1/2)"><conditions><condition number="0" type="jump" coverage="50%"/></conditions></line><line number="2327" hits="0" branch="false"/><line number="2328" hits="0" branch="false"/><line number="2331" hits="3522" branch="true" condition-coverage="100% (2/2)"><conditions><condition number="0" type="jump" coverage="100%"/></conditions></line><line number="2332" hits="1420" branch="false"/><line number="2334" hits="2474" branch="false"/><line number="2335" hits="2475" branch="true" condition-coverage="100% (2/2)"><conditions><condition number="0" type="jump" coverage="100%"/></conditions></line><line number="2337" hits="1055" branch="false"/><line number="2338" hits="1055" branch="true" condition-coverage="66% (4/6)"><conditions><condition number="0" type="jump" coverage="66%"/></conditions></line><line number="2340" hits="1054" branch="false"/><line number="2341" hits="1054" branch="false"/><line number="2344" hits="1" branch="false"/><line number="2348" hits="1048" branch="false"/><line number="2349" hits="1048" branch="false"/><line number="2356" hits="2102" branch="false"/><line number="2357" hits="2102" branch="false"/><line number="2379" hits="2" branch="false"/><line number="2383" hits="2" branch="false"/><line number="2385" hits="2" branch="false"/><line number="2386" hits="2" branch="false"/><line number="2388" hits="2" branch="true" condition-coverage="50% (2/4)"><conditions><condition number="0" type="jump" coverage="50%"/></conditions></line><line number="2390" hits="0" branch="false"/><line number="2391" hits="0" branch="false"/><line number="2396" hits="0" branch="false"/><line number="2399" hits="2" branch="true" condition-coverage="50% (2/4)"><conditions><condition number="0" type="jump" coverage="50%"/></conditions></line><line number="2400" hits="2" branch="true" condition-coverage="50% (1/2)"><conditions><condition number="0" type="jump" coverage="50%"/></conditions></line><line number="2402" hits="2" branch="false"/><line number="2403" hits="2" branch="false"/><line number="2404" hits="2" branch="true" condition-coverage="100% (2/2)"><conditions><condition number="0" type="jump" coverage="100%"/></conditions></line><line number="2405" hits="1" branch="false"/><line number="2407" hits="2" branch="false"/><line number="2410" hits="0" branch="false"/><line number="2411" hits="0" branch="false"/><line number="2415" hits="0" branch="false"/><line number="2416" hits="0" branch="true" condition-coverage="0% (0/6)"><conditions><condition number="0" type="jump" coverage="0%"/></conditions></line><line number="2418" hits="0" branch="false"/><line number="2419" hits="0" branch="false"/><line number="2420" hits="0" branch="false"/><line number="2424" hits="0" branch="false"/><line number="2426" hits="0" branch="true" condition-coverage="0% (0/2)"><conditions><condition number="0" type="jump" coverage="0%"/></conditions></line><line number="2430" hits="0" branch="true" condition-coverage="0% (0/2)"><conditions><condition number="0" type="jump" coverage="0%"/></conditions></line><line number="2432" hits="0" branch="false"/><line number="2433" hits="0" branch="false"/><line number="2440" hits="2" branch="false"/><line number="2441" hits="2" branch="false"/><line number="2464" hits="2" branch="false"/><line number="2468" hits="2" branch="false"/><line number="2470" hits="2" branch="false"/><line number="2472" hits="2" branch="false"/><line number="2474" hits="2" branch="false"/><line number="2476" hits="2" branch="true" condition-coverage="50% (2/4)"><conditions><condition number="0" type="jump" coverage="50%"/></conditions></line><line number="2478" hits="0" branch="false"/><line number="2479" hits="0" branch="false"/><line number="2484" hits="0" branch="false"/><line number="2487" hits="2" branch="false"/><line number="2489" hits="2" branch="false"/><line number="2490" hits="2" branch="true" condition-coverage="50% (1/2)"><conditions><condition number="0" type="jump" coverage="50%"/></conditions></line><line number="2492" hits="0" branch="false"/><line number="2493" hits="0" branch="false"/><line number="2496" hits="10" branch="true" condition-coverage="100% (2/2)"><conditions><condition number="0" type="jump" coverage="100%"/></conditions></line><line number="2497" hits="8" branch="false"/><line number="2499" hits="9" branch="false"/><line number="2501" hits="10" branch="true" condition-coverage="100% (2/2)"><conditions><condition number="0" type="jump" coverage="100%"/></conditions></line><line number="2503" hits="1" branch="false"/><line number="2504" hits="1" branch="true" condition-coverage="50% (3/6)"><conditions><condition number="0" type="jump" coverage="50%"/></conditions></line><line number="2506" hits="1" branch="true" condition-coverage="25% (1/4)"><conditions><condition number="0" type="jump" coverage="25%"/></conditions></line><line number="2507" hits="1" branch="false"/><line number="2510" hits="1" branch="false"/><line number="2513" hits="9" branch="true" condition-coverage="100% (2/2)"><conditions><condition number="0" type="jump" coverage="100%"/></conditions></line><line number="2514" hits="1" branch="false"/><line number="2517" hits="1" branch="false"/><line number="2518" hits="1" branch="false"/><line number="2525" hits="2" branch="false"/><line number="2526" hits="2" branch="false"/><line number="2559" hits="1055" branch="false"/><line number="2563" hits="1055" branch="false"/><line number="2565" hits="1055" branch="false"/><line number="2567" hits="1055" branch="false"/><line number="2568" hits="1055" branch="false"/><line number="2570" hits="1055" branch="false"/><line number="2571" hits="1055" branch="false"/><line number="2572" hits="1055" branch="false"/><line number="2573" hits="1055" branch="false"/><line number="2575" hits="1055" branch="true" condition-coverage="50% (2/4)"><conditions><condition number="0" type="jump" coverage="50%"/></conditions></line><line number="2577" hits="0" branch="false"/><line number="2578" hits="0" branch="false"/><line number="2583" hits="0" branch="false"/><line number="2586" hits="1055" branch="false"/><line number="2587" hits="1055" branch="true" condition-coverage="50% (1/2)"><conditions><condition number="0" type="jump" coverage="50%"/></conditions></line><line number="2588" hits="0" branch="false"/><line number="2590" hits="1055" branch="false"/><line number="2592" hits="1055" branch="false"/><line number="2594" hits="1055" branch="false"/><line number="2595" hits="1055" branch="true" condition-coverage="50% (1/2)"><conditions><condition number="0" type="jump" coverage="50%"/></conditions></line><line number="2596" hits="0" branch="false"/><line number="2598" hits="1055" branch="false"/><line number="2600" hits="1055" branch="true" condition-coverage="50% (1/2)"><conditions><condition number="0" type="jump" coverage="50%"/></conditions></line><line number="2602" hits="1055" branch="false"/><line number="2603" hits="1055" branch="false"/><line number="2604" hits="1055" branch="false"/><line number="2606" hits="1055" branch="false"/><line number="2607" hits="1055" branch="false"/><line number="2608" hits="1055" branch="false"/><line number="2610" hits="1055" branch="false"/><line number="2614" hits="1055" branch="false"/><line number="2617" hits="0" branch="false"/><line number="2619" hits="0" branch="false"/><line number="2620" hits="0" branch="false"/><line number="2621" hits="0" branch="false"/><line number="2622" hits="0" branch="false"/><line number="2624" hits="0" branch="false"/><line number="2625" hits="0" branch="false"/><line number="2626" hits="0" branch="false"/><line number="2628" hits="0" branch="false"/><line number="2630" hits="0" branch="false"/><line number="2631" hits="0" branch="false"/><line number="2632" hits="0" branch="false"/><line number="2633" hits="0" branch="false"/><line number="2634" hits="0" branch="false"/><line number="2635" hits="0" branch="false"/><line number="2636" hits="0" branch="false"/><line number="2637" hits="0" branch="false"/><line number="2639" hits="0" branch="true" condition-coverage="0% (0/2)"><conditions><condition number="0" type="jump" coverage="0%"/></conditions></line><line number="2640" hits="0" branch="false"/><line number="2641" hits="0" branch="false"/><line number="2643" hits="0" branch="false"/><line number="2644" hits="0" branch="false"/><line number="2645" hits="0" branch="false"/><line number="2646" hits="0" branch="false"/><line number="2648" hits="0" branch="false"/><line number="2649" hits="0" branch="false"/><line number="2651" hits="0" branch="false"/><line number="2652" hits="0" branch="true" condition-coverage="0% (0/2)"><conditions><condition number="0" type="jump" coverage="0%"/></conditions></line><line number="2653" hits="0" branch="false"/><line number="2655" hits="0" branch="false"/><line number="2664" hits="1055" branch="false"/><line number="2665" hits="1055" branch="false"/><line number="2690" hits="1055" branch="false"/><line number="2693" hits="1055" branch="false"/><line number="2695" hits="1055" branch="false"/><line number="2697" hits="1055" branch="false"/><line number="2698" hits="1055" branch="false"/><line number="2700" hits="1055" branch="false"/><line number="2701" hits="1055" branch="false"/><line number="2703" hits="1055" branch="true" condition-coverage="50% (2/4)"><conditions><condition number="0" type="jump" coverage="50%"/></conditions></line><line number="2705" hits="0" branch="false"/><line number="2706" hits="0" branch="false"/><line number="2711" hits="0" branch="false"/><line number="2714" hits="1055" branch="false"/><line number="2715" hits="1055" branch="true" condition-coverage="50% (1/2)"><conditions><condition number="0" type="jump" coverage="50%"/></conditions></line><line number="2716" hits="0" branch="false"/><line number="2718" hits="1055" branch="false"/><line number="2719" hits="1055" branch="true" condition-coverage="100% (2/2)"><conditions><condition number="0" type="jump" coverage="100%"/></conditions></line><line number="2721" hits="1026" branch="false"/><line number="2723" hits="1026" branch="false"/><line number="2724" hits="1026" branch="true" condition-coverage="75% (3/4)"><conditions><condition number="0" type="jump" coverage="75%"/></conditions></line><line number="2726" hits="9" branch="false"/><line number="2732" hits="9" branch="false"/><line number="2733" hits="9" branch="true" condition-coverage="50% (1/2)"><conditions><condition number="0" type="jump" coverage="50%"/></conditions></line><line number="2734" hits="0" branch="false"/><line number="2736" hits="9" branch="false"/><line number="2737" hits="9" branch="false"/><line number="2738" hits="9" branch="true" condition-coverage="50% (1/2)"><conditions><condition number="0" type="jump" coverage="50%"/></conditions></line><line number="2739" hits="0" branch="false"/><line number="2741" hits="9" branch="false"/><line number="2742" hits="9" branch="false"/><line number="2743" hits="9" branch="false"/><line number="2745" hits="9" branch="false"/><line number="2751" hits="1055" branch="false"/><line number="2752" hits="1055" branch="true" condition-coverage="50% (1/2)"><conditions><condition number="0" type="jump" coverage="50%"/></conditions></line><line number="2754" hits="0" branch="false"/><line number="2755" hits="0" branch="true" condition-coverage="0% (0/4)"><conditions><condition number="0" type="jump" coverage="0%"/></conditions></line><line number="2757" hits="0" branch="false"/><line number="2763" hits="0" branch="false"/><line number="2764" hits="0" branch="true" condition-coverage="0% (0/2)"><conditions><condition number="0" type="jump" coverage="0%"/></conditions></line><line number="2765" hits="0" branch="false"/><line number="2767" hits="0" branch="false"/><line number="2768" hits="0" branch="false"/><line number="2769" hits="0" branch="true" condition-coverage="0% (0/2)"><conditions><condition number="0" type="jump" coverage="0%"/></conditions></line><line number="2770" hits="0" branch="false"/><line number="2773" hits="0" branch="false"/><line number="2774" hits="0" branch="false"/><line number="2775" hits="0" branch="false"/><line number="2777" hits="0" branch="false"/><line number="2779" hits="0" branch="false"/><line number="2785" hits="1055" branch="false"/><line number="2786" hits="1055" branch="false"/><line number="2788" hits="1055" branch="false"/><line number="2789" hits="1055" branch="true" condition-coverage="50% (1/2)"><conditions><condition number="0" type="jump" coverage="50%"/></conditions></line><line number="2790" hits="0" branch="false"/><line number="2792" hits="1055" branch="false"/><line number="2793" hits="1055" branch="false"/><line number="2825" hits="1055" branch="false"/><line number="2831" hits="1055" branch="false"/><line number="2833" hits="1055" branch="false"/><line number="2834" hits="1055" branch="false"/><line number="2836" hits="1055" branch="false"/><line number="2837" hits="1055" branch="false"/><line number="2839" hits="1055" branch="false"/><line number="2840" hits="1055" branch="false"/><line number="2842" hits="1055" branch="false"/><line number="2844" hits="1055" branch="false"/><line number="2846" hits="1055" branch="false"/><line number="2852" hits="1055" branch="true" condition-coverage="50% (2/4)"><conditions><condition number="0" type="jump" coverage="50%"/></conditions></line><line number="2854" hits="0" branch="false"/><line number="2855" hits="0" branch="false"/><line number="2860" hits="0" branch="false"/><line number="2863" hits="1055" branch="false"/><line number="2864" hits="1055" branch="false"/><line number="2866" hits="1055" branch="true" condition-coverage="50% (1/2)"><conditions><condition number="0" type="jump" coverage="50%"/></conditions></line><line number="2868" hits="0" branch="false"/><line number="2869" hits="0" branch="true" condition-coverage="0% (0/2)"><conditions><condition number="0" type="jump" coverage="0%"/></conditions></line><line number="2871" hits="0" branch="false"/><line number="2872" hits="0" branch="false"/><line number="2875" hits="0" branch="false"/><line number="2878" hits="0" branch="false"/><line number="2880" hits="0" branch="false"/><line number="2881" hits="0" branch="false"/><line number="2882" hits="0" branch="false"/><line number="2883" hits="0" branch="false"/><line number="2884" hits="0" branch="false"/><line number="2885" hits="0" branch="false"/><line number="2886" hits="0" branch="false"/><line number="2888" hits="0" branch="false"/><line number="2889" hits="0" branch="false"/><line number="2890" hits="0" branch="false"/><line number="2892" hits="0" branch="false"/><line number="2893" hits="0" branch="false"/><line number="2895" hits="0" branch="false"/><line number="2896" hits="0" branch="false"/><line number="2897" hits="0" branch="false"/><line number="2900" hits="1055" branch="false"/><line number="2901" hits="1055" branch="true" condition-coverage="100% (2/2)"><conditions><condition number="0" type="jump" coverage="100%"/></conditions></line><line number="2903" hits="1049" branch="false"/><line number="2904" hits="1049" branch="true" condition-coverage="50% (1/2)"><conditions><condition number="0" type="jump" coverage="50%"/></conditions></line><line number="2906" hits="0" branch="false"/><line number="2907" hits="0" branch="false"/><line number="2912" hits="0" branch="false"/><line number="2915" hits="1049" branch="false"/><line number="2916" hits="1049" branch="false"/><line number="2918" hits="1049" branch="false"/><line number="2920" hits="1049" branch="false"/><line number="2921" hits="1049" branch="false"/><line number="2922" hits="1049" branch="false"/><line number="2923" hits="1049" branch="false"/><line number="2924" hits="1049" branch="false"/><line number="2925" hits="1049" branch="false"/><line number="2926" hits="1049" branch="false"/><line number="2928" hits="1049" branch="false"/><line number="2929" hits="1049" branch="false"/><line number="2930" hits="1049" branch="false"/><line number="2932" hits="1049" branch="false"/><line number="2933" hits="1049" branch="false"/><line number="2935" hits="1049" branch="false"/><line number="2936" hits="1049" branch="true" condition-coverage="50% (1/2)"><conditions><condition number="0" type="jump" coverage="50%"/></conditions></line><line number="2937" hits="0" branch="false"/><line number="2939" hits="1049" branch="false"/><line number="2942" hits="1055" branch="true" condition-coverage="50% (1/2)"><conditions><condition number="0" type="jump" coverage="50%"/></conditions></line><line number="2944" hits="0" branch="true" condition-coverage="0% (0/2)"><conditions><condition number="0" type="jump" coverage="0%"/></conditions></line><line number="2945" hits="0" branch="false"/><line number="2948" hits="1055" branch="true" condition-coverage="100% (2/2)"><conditions><condition number="0" type="jump" coverage="100%"/></conditions></line><line number="2949" hits="1" branch="false"/><line number="2951" hits="1055" branch="false"/><line number="2953" hits="1055" branch="false"/><line number="2954" hits="1055" branch="true" condition-coverage="50% (1/2)"><conditions><condition number="0" type="jump" coverage="50%"/></conditions></line><line number="2955" hits="0" branch="false"/><line number="2957" hits="1055" branch="false"/><line number="2958" hits="1055" branch="false"/><line number="2960" hits="1055" branch="false"/><line number="2962" hits="1055" branch="false"/><line number="2972" hits="1055" branch="false"/><line number="2973" hits="1055" branch="false"/><line number="3002" hits="4" branch="false"/><line number="3009" hits="4" branch="false"/><line number="3011" hits="4" branch="false"/><line number="3014" hits="4" branch="false"/><line number="3017" hits="4" branch="false"/><line number="3019" hits="4" branch="true" condition-coverage="50% (2/4)"><conditions><condition number="0" type="jump" coverage="50%"/></conditions></line><line number="3021" hits="0" branch="false"/><line number="3022" hits="0" branch="false"/><line number="3027" hits="0" branch="false"/><line number="3030" hits="4" branch="true" condition-coverage="100% (2/2)"><conditions><condition number="0" type="jump" coverage="100%"/></conditions></line><line number="3032" hits="1" branch="false"/><line number="3033" hits="1" branch="false"/><line number="3036" hits="3" branch="false"/><line number="3038" hits="3" branch="false"/><line number="3039" hits="3" branch="true" condition-coverage="50% (1/2)"><conditions><condition number="0" type="jump" coverage="50%"/></conditions></line><line number="3040" hits="0" branch="false"/><line number="3043" hits="3" branch="false"/><line number="3044" hits="3" branch="true" condition-coverage="100% (2/2)"><conditions><condition number="0" type="jump" coverage="100%"/></conditions></line><line number="3046" hits="1" branch="false"/><line number="3051" hits="1" branch="false"/><line number="3052" hits="1" branch="false"/><line number="3055" hits="2" branch="false"/><line number="3056" hits="2" branch="true" condition-coverage="50% (1/2)"><conditions><condition number="0" type="jump" coverage="50%"/></conditions></line><line number="3058" hits="2" branch="true" condition-coverage="50% (1/2)"><conditions><condition number="0" type="jump" coverage="50%"/></conditions></line><line number="3060" hits="0" branch="false"/><line number="3061" hits="0" branch="false"/><line number="3064" hits="2" branch="false"/><line number="3065" hits="2" branch="true" condition-coverage="50% (1/2)"><conditions><condition number="0" type="jump" coverage="50%"/></conditions></line><line number="3066" hits="0" branch="false"/><line number="3068" hits="2" branch="false"/><line number="3075" hits="0" branch="false"/><line number="3076" hits="4" branch="false"/><line number="3101" hits="1" branch="false"/><line number="3107" hits="1" branch="false"/><line number="3110" hits="1" branch="false"/><line number="3113" hits="1" branch="false"/><line number="3115" hits="1" branch="true" condition-coverage="50% (2/4)"><conditions><condition number="0" type="jump" coverage="50%"/></conditions></line><line number="3117" hits="0" branch="false"/><line number="3118" hits="0" branch="false"/><line number="3123" hits="0" branch="false"/><line number="3126" hits="1" branch="false"/><line number="3127" hits="1" branch="true" condition-coverage="50% (1/2)"><conditions><condition number="0" type="jump" coverage="50%"/></conditions></line><line number="3128" hits="0" branch="false"/><line number="3130" hits="1" branch="false"/><line number="3132" hits="1" branch="false"/><line number="3134" hits="1" branch="false"/><line number="3136" hits="1" branch="false"/><line number="3138" hits="1" branch="false"/><line number="3139" hits="1" branch="false"/><line number="3173" hits="1056" branch="false"/><line number="3178" hits="1056" branch="false"/><line number="3180" hits="1056" branch="false"/><line number="3181" hits="1056" branch="false"/><line number="3183" hits="1056" branch="false"/><line number="3185" hits="1056" branch="false"/><line number="3187" hits="1056" branch="false"/><line number="3189" hits="1056" branch="false"/><line number="3191" hits="1056" branch="false"/><line number="3192" hits="1056" branch="false"/><line number="3193" hits="1056" branch="false"/><line number="3195" hits="1056" branch="true" condition-coverage="50% (2/4)"><conditions><condition number="0" type="jump" coverage="50%"/></conditions></line><line number="3197" hits="0" branch="false"/><line number="3198" hits="0" branch="false"/><line number="3203" hits="0" branch="false"/><line number="3206" hits="1056" branch="false"/><line number="3207" hits="1056" branch="true" condition-coverage="50% (1/2)"><conditions><condition number="0" type="jump" coverage="50%"/></conditions></line><line number="3209" hits="0" branch="true" condition-coverage="0% (0/2)"><conditions><condition number="0" type="jump" coverage="0%"/></conditions></line><line number="3211" hits="0" branch="false"/><line number="3212" hits="0" branch="false"/><line number="3216" hits="1056" branch="false"/><line number="3218" hits="1056" branch="false"/><line number="3219" hits="1056" branch="true" condition-coverage="100% (2/2)"><conditions><condition number="0" type="jump" coverage="100%"/></conditions></line><line number="3220" hits="1" branch="false"/><line number="3222" hits="1055" branch="true" condition-coverage="50% (1/2)"><conditions><condition number="0" type="jump" coverage="50%"/></conditions></line><line number="3224" hits="0" branch="false"/><line number="3225" hits="0" branch="false"/><line number="3229" hits="0" branch="false"/><line number="3236" hits="1055" branch="false"/><line number="3237" hits="1055" branch="false"/><line number="3238" hits="1055" branch="false"/><line number="3239" hits="1055" branch="false"/><line number="3241" hits="1055" branch="false"/><line number="3242" hits="1055" branch="true" condition-coverage="50% (1/2)"><conditions><condition number="0" type="jump" coverage="50%"/></conditions></line><line number="3243" hits="0" branch="false"/><line number="3245" hits="1055" branch="false"/><line number="3247" hits="1055" branch="true" condition-coverage="100% (2/2)"><conditions><condition number="0" type="jump" coverage="100%"/></conditions></line><line number="3249" hits="29" branch="false"/><line number="3251" hits="29" branch="true" condition-coverage="75% (3/4)"><conditions><condition number="0" type="jump" coverage="75%"/></conditions></line><line number="3252" hits="27" branch="true" condition-coverage="50% (1/2)"><conditions><condition number="0" type="jump" coverage="50%"/></conditions></line><line number="3253" hits="27" branch="true" condition-coverage="50% (1/2)"><conditions><condition number="0" type="jump" coverage="50%"/></conditions></line><line number="3255" hits="27" branch="false"/><line number="3257" hits="27" branch="true" condition-coverage="50% (2/4)"><conditions><condition number="0" type="jump" coverage="50%"/></conditions></line><line number="3259" hits="27" branch="false"/><line number="3260" hits="27" branch="true" condition-coverage="50% (1/2)"><conditions><condition number="0" type="jump" coverage="50%"/></conditions></line><line number="3261" hits="0" branch="false"/><line number="3263" hits="27" branch="false"/><line number="3264" hits="27" branch="false"/><line number="3266" hits="27" branch="false"/><line number="3269" hits="27" branch="false"/><line number="3270" hits="27" branch="true" condition-coverage="50% (1/2)"><conditions><condition number="0" type="jump" coverage="50%"/></conditions></line><line number="3272" hits="27" branch="false"/><line number="3273" hits="27" branch="false"/><line number="3274" hits="27" branch="false"/><line number="3276" hits="27" branch="false"/><line number="3278" hits="27" branch="false"/><line number="3282" hits="27" branch="false"/><line number="3286" hits="0" branch="false"/><line number="3287" hits="0" branch="false"/><line number="3290" hits="0" branch="false"/><line number="3296" hits="1028" branch="false"/><line number="3297" hits="1028" branch="false"/><line number="3299" hits="1056" branch="false"/><line number="3300" hits="1056" branch="false"/><line number="3885" hits="1049" branch="false"/><line number="3887" hits="1049" branch="false"/><line number="3889" hits="1049" branch="false"/><line number="3891" hits="1049" branch="false"/><line number="3893" hits="1049" branch="true" condition-coverage="100% (2/2)"><conditions><condition number="0" type="jump" coverage="100%"/></conditions></line><line number="3895" hits="9" branch="false"/><line number="3897" hits="9" branch="false"/><line number="3898" hits="9" branch="true" condition-coverage="50% (1/2)"><conditions><condition number="0" type="jump" coverage="50%"/></conditions></line><line number="3899" hits="0" branch="false"/><line number="3902" hits="1049" branch="false"/><line number="3904" hits="1049" branch="false"/><line number="3905" hits="1049" branch="false"/><line number="3906" hits="1049" branch="false"/><line number="3908" hits="1049" branch="false"/><line number="3909" hits="1049" branch="false"/><line number="3924" hits="1" branch="false"/><line number="3926" hits="1" branch="false"/><line number="3928" hits="1" branch="false"/><line number="3930" hits="1" branch="false"/><line number="3932" hits="1" branch="true" condition-coverage="50% (1/2)"><conditions><condition number="0" type="jump" coverage="50%"/></conditions></line><line number="3934" hits="0" branch="false"/><line number="3936" hits="0" branch="false"/><line number="3937" hits="0" branch="true" condition-coverage="0% (0/2)"><conditions><condition number="0" type="jump" coverage="0%"/></conditions></line><line number="3938" hits="0" branch="false"/><line number="3941" hits="1" branch="false"/><line number="3943" hits="1" branch="false"/><line number="3944" hits="1" branch="false"/><line number="3945" hits="1" branch="false"/><line number="3947" hits="1" branch="false"/><line number="3948" hits="1" branch="false"/><line number="3963" hits="1" branch="false"/><line number="3965" hits="1" branch="false"/><line number="3967" hits="1" branch="false"/><line number="3969" hits="1" branch="false"/><line number="3971" hits="1" branch="true" condition-coverage="50% (1/2)"><conditions><condition number="0" type="jump" coverage="50%"/></conditions></line><line number="3973" hits="0" branch="false"/><line number="3975" hits="0" branch="false"/><line number="3976" hits="0" branch="true" condition-coverage="0% (0/2)"><conditions><condition number="0" type="jump" coverage="0%"/></conditions></line><line number="3977" hits="0" branch="false"/><line number="3980" hits="1" branch="false"/><line number="3982" hits="1" branch="false"/><line number="3983" hits="1" branch="false"/><line number="3984" hits="1" branch="false"/><line number="3986" hits="1" branch="false"/><line number="3987" hits="1" branch="false"/><line number="4003" hits="0" branch="false"/><line number="4005" hits="0" branch="false"/><line number="4007" hits="0" branch="false"/><line number="4009" hits="0" branch="false"/><line number="4011" hits="0" branch="true" condition-coverage="0% (0/2)"><conditions><condition number="0" type="jump" coverage="0%"/></conditions></line><line number="4013" hits="0" branch="false"/><line number="4015" hits="0" branch="false"/><line number="4016" hits="0" branch="true" condition-coverage="0% (0/2)"><conditions><condition number="0" type="jump" coverage="0%"/></conditions></line><line number="4017" hits="0" branch="false"/><line number="4020" hits="0" branch="false"/><line number="4022" hits="0" branch="false"/><line number="4023" hits="0" branch="false"/><line number="4024" hits="0" branch="false"/><line number="4026" hits="0" branch="false"/><line number="4027" hits="0" branch="false"/><line number="4043" hits="1" branch="false"/><line number="4045" hits="1" branch="false"/><line number="4047" hits="1" branch="false"/><line number="4049" hits="1" branch="false"/><line number="4051" hits="1" branch="true" condition-coverage="50% (1/2)"><conditions><condition number="0" type="jump" coverage="50%"/></conditions></line><line number="4053" hits="0" branch="false"/><line number="4055" hits="0" branch="false"/><line number="4056" hits="0" branch="true" condition-coverage="0% (0/2)"><conditions><condition number="0" type="jump" coverage="0%"/></conditions></line><line number="4057" hits="0" branch="false"/><line number="4060" hits="1" branch="false"/><line number="4062" hits="1" branch="false"/><line number="4063" hits="1" branch="false"/><line number="4064" hits="1" branch="false"/><line number="4066" hits="1" branch="false"/><line number="4067" hits="1" branch="false"/><line number="4084" hits="4" branch="false"/><line number="4088" hits="4" branch="false"/><line number="4090" hits="4" branch="false"/><line number="4092" hits="4" branch="false"/><line number="4094" hits="4" branch="true" condition-coverage="50% (1/2)"><conditions><condition number="0" type="jump" coverage="50%"/></conditions></line><line number="4096" hits="0" branch="false"/><line number="4098" hits="0" branch="false"/><line number="4099" hits="0" branch="true" condition-coverage="0% (0/2)"><conditions><condition number="0" type="jump" coverage="0%"/></conditions></line><line number="4100" hits="0" branch="false"/><line number="4103" hits="4" branch="false"/><line number="4105" hits="4" branch="false"/><line number="4107" hits="4" branch="false"/><line number="4108" hits="4" branch="false"/><line number="4110" hits="4" branch="false"/><line number="4111" hits="4" branch="false"/><line number="4126" hits="1054" branch="false"/><line number="4128" hits="1054" branch="false"/><line number="4130" hits="1054" branch="false"/><line number="4132" hits="1054" branch="false"/><line number="4134" hits="1054" branch="true" condition-coverage="50% (1/2)"><conditions><condition number="0" type="jump" coverage="50%"/></conditions></line><line number="4136" hits="0" branch="false"/><line number="4138" hits="0" branch="false"/><line number="4139" hits="0" branch="true" condition-coverage="0% (0/2)"><conditions><condition number="0" type="jump" coverage="0%"/></conditions></line><line number="4140" hits="0" branch="false"/><line number="4143" hits="1054" branch="false"/><line number="4145" hits="1054" branch="false"/><line number="4146" hits="1054" branch="false"/><line number="4147" hits="1054" branch="false"/><line number="4149" hits="1054" branch="false"/><line number="4150" hits="1054" branch="false"/></lines></class></classes></package><package name="tests" line-rate="0.9808306709265175" branch-rate="0.6091954022988506" complexity="0.0"><classes><class name="test_double_free_c" filename="tests/test_double_free.c" line-rate="1.0" branch-rate="0.5" complexity="0.0"><methods/><lines><line number="93" hits="1" branch="false"/><line number="95" hits="1" branch="false"/><line number="97" hits="1" branch="false"/><line number="98" hits="1" branch="true" condition-coverage="50% (1/2)"><conditions><condition number="0" type="jump" coverage="50%"/></conditions></line><line number="100" hits="1" branch="false"/><line number="101" hits="1" branch="false"/><line number="117" hits="1" branch="false"/><line number="119" hits="1" branch="false"/><line number="121" hits="1" branch="false"/><line number="123" hits="1" branch="false"/><line number="124" hits="1" branch="true" condition-coverage="50% (1/2)"><conditions><condition number="0" type="jump" coverage="50%"/></conditions></line><line number="126" hits="1" branch="false"/><line number="127" hits="1" branch="true" condition-coverage="50% (1/2)"><conditions><condition number="0" type="jump" coverage="50%"/></conditions></line><line number="129" hits="1" branch="false"/><line number="130" hits="1" branch="true" condition-coverage="50% (1/2)"><conditions><condition number="0" type="jump" coverage="50%"/></conditions></line><line number="132" hits="1" branch="false"/></lines></class><class name="test_free_reuse_c" filename="tests/test_free_reuse.c" line-rate="1.0" branch-rate="0.7083333333333334" complexity="0.0"><methods/><lines><line number="133" hits="1" branch="false"/><line number="135" hits="1" branch="false"/><line number="137" hits="1" branch="false"/><line number="138" hits="1" branch="true" condition-coverage="50% (1/2)"><conditions><condition number="0" type="jump" coverage="50%"/></conditions></line><line number="140" hits="1" branch="false"/><line number="141" hits="1" branch="false"/><line number="157" hits="1" branch="false"/><line number="159" hits="1" branch="false"/><line number="164" hits="1" branch="false"/><line number="165" hits="1" branch="false"/><line number="167" hits="1" branch="true" condition-coverage="50% (1/2)"><conditions><condition number="0" type="jump" coverage="50%"/></conditions></line><line number="169" hits="11" branch="true" condition-coverage="100% (2/2)"><conditions><condition number="0" type="jump" coverage="100%"/></conditions></line><line number="171" hits="10" branch="false"/><line number="172" hits="10" branch="true" condition-coverage="50% (1/2)"><conditions><condition number="0" type="jump" coverage="50%"/></conditions></line><line number="173" hits="10" branch="false"/><line number="176" hits="6" branch="true" condition-coverage="100% (2/2)"><conditions><condition number="0" type="jump" coverage="100%"/></conditions></line><line number="178" hits="5" branch="false"/><line number="179" hits="5" branch="true" condition-coverage="50% (1/2)"><conditions><condition number="0" type="jump" coverage="50%"/></conditions></line><line number="180" hits="5" branch="false"/><line number="183" hits="6" branch="true" condition-coverage="100% (2/2)"><conditions><condition number="0" type="jump" coverage="100%"/></conditions></line><line number="184" hits="5" branch="false"/><line number="186" hits="5" branch="false"/><line number="187" hits="5" branch="true" condition-coverage="50% (1/2)"><conditions><condition number="0" type="jump" coverage="50%"/></conditions></line><line number="188" hits="5" branch="false"/><line number="191" hits="6" branch="true" condition-coverage="100% (2/2)"><conditions><condition number="0" type="jump" coverage="100%"/></conditions></line><line number="193" hits="5" branch="false"/><line number="194" hits="5" branch="true" condition-coverage="50% (1/2)"><conditions><condition number="0" type="jump" coverage="50%"/></conditions></line><line number="197" hits="6" branch="true" condition-coverage="100% (2/2)"><conditions><condition number="0" type="jump" coverage="100%"/></conditions></line><line number="199" hits="5" branch="false"/><line number="200" hits="5" branch="true" condition-coverage="50% (1/2)"><conditions><condition number="0" type="jump" coverage="50%"/></conditions></line><line number="203" hits="1" branch="false"/></lines></class><class name="test_graph_c" filename="tests/test_graph.c" line-rate="0.9743589743589743" branch-rate="0.6041666666666666" complexity="0.0"><methods/><lines><line number="208" hits="1" branch="false"/><line number="210" hits="1" branch="false"/><line number="212" hits="1" branch="false"/><line number="214" hits="1" branch="true" condition-coverage="50% (1/2)"><conditions><condition number="0" type="jump" coverage="50%"/></conditions></line><line number="216" hits="1" branch="false"/><line number="217" hits="1" branch="true" condition-coverage="50% (1/2)"><conditions><condition number="0" type="jump" coverage="50%"/></conditions></line><line number="219" hits="1" branch="false"/><line number="220" hits="1" branch="true" condition-coverage="50% (1/2)"><conditions><condition number="0" type="jump" coverage="50%"/></conditions></line><line number="222" hits="1" branch="false"/><line number="223" hits="1" branch="true" condition-coverage="50% (1/2)"><conditions><condition number="0" type="jump" coverage="50%"/></conditions></line><line number="225" hits="1" branch="false"/><line number="226" hits="1" branch="true" condition-coverage="50% (1/2)"><conditions><condition number="0" type="jump" coverage="50%"/></conditions></line><line number="228" hits="1" branch="false"/><line number="229" hits="1" branch="true" condition-coverage="50% (1/2)"><conditions><condition number="0" type="jump" coverage="50%"/></conditions></line><line number="231" hits="1" branch="false"/><line number="232" hits="1" branch="true" condition-coverage="50% (1/2)"><conditions><condition number="0" type="jump" coverage="50%"/></conditions></line><line number="234" hits="1" branch="false"/><line number="235" hits="1" branch="true" condition-coverage="50% (1/2)"><conditions><condition number="0" type="jump" coverage="50%"/></conditions></line><line number="237" hits="1" branch="false"/><line number="238" hits="1" branch="true" condition-coverage="50% (1/2)"><conditions><condition number="0" type="jump" coverage="50%"/></conditions></line><line number="240" hits="1" branch="false"/><line number="241" hits="1" branch="false"/><line number="242" hits="1" branch="true" condition-coverage="50% (1/2)"><conditions><condition number="0" type="jump" coverage="50%"/></conditions></line><line number="244" hits="1" branch="false"/><line number="245" hits="1" branch="true" condition-coverage="50% (1/2)"><conditions><condition number="0" type="jump" coverage="50%"/></conditions></line><line number="247" hits="1" branch="false"/><line number="268" hits="1" branch="false"/><line number="270" hits="1" branch="false"/><line number="272" hits="1" branch="false"/><line number="274" hits="1" branch="false"/><line number="275" hits="1" branch="true" condition-coverage="50% (1/2)"><conditions><condition number="0" type="jump" coverage="50%"/></conditions></line><line number="276" hits="0" branch="false"/><line number="278" hits="1" branch="false"/><line number="280" hits="1" branch="false"/><line number="282" hits="1" branch="true" condition-coverage="50% (1/2)"><conditions><condition number="0" type="jump" coverage="50%"/></conditions></line><line number="283" hits="0" branch="false"/><line number="285" hits="6" branch="true" condition-coverage="100% (2/2)"><conditions><condition number="0" type="jump" coverage="100%"/></conditions></line><line number="286" hits="5" branch="false"/><line number="288" hits="1" branch="false"/><line number="289" hits="1" branch="false"/><line number="307" hits="7" branch="false"/><line number="309" hits="7" branch="false"/><line number="311" hits="7" branch="false"/><line number="313" hits="7" branch="true" condition-coverage="50% (1/2)"><conditions><condition number="0" type="jump" coverage="50%"/></conditions></line><line number="315" hits="7" branch="false"/><line number="316" hits="7" branch="true" condition-coverage="50% (1/2)"><conditions><condition number="0" type="jump" coverage="50%"/></conditions></line><line number="318" hits="7" branch="false"/><line number="319" hits="7" branch="false"/><line number="320" hits="7" branch="false"/><line number="322" hits="7" branch="false"/><line number="337" hits="1" branch="false"/><line number="339" hits="1" branch="false"/><line number="341" hits="1" branch="false"/><line number="343" hits="1" branch="false"/><line number="345" hits="1" branch="true" condition-coverage="50% (1/2)"><conditions><condition number="0" type="jump" coverage="50%"/></conditions></line><line number="347" hits="6" branch="true" condition-coverage="100% (2/2)"><conditions><condition number="0" type="jump" coverage="100%"/></conditions></line><line number="349" hits="5" branch="false"/><line number="351" hits="12" branch="true" condition-coverage="100% (2/2)"><conditions><condition number="0" type="jump" coverage="100%"/></conditions></line><line number="352" hits="7" branch="false"/><line number="354" hits="5" branch="false"/><line number="357" hits="1" branch="false"/><line number="374" hits="1" branch="false"/><line number="376" hits="1" branch="false"/><line number="378" hits="1" branch="false"/><line number="379" hits="1" branch="false"/><line number="381" hits="1" branch="false"/><line number="383" hits="6" branch="true" condition-coverage="100% (2/2)"><conditions><condition number="0" type="jump" coverage="100%"/></conditions></line><line number="385" hits="5" branch="false"/><line number="386" hits="12" branch="true" condition-coverage="100% (2/2)"><conditions><condition number="0" type="jump" coverage="100%"/></conditions></line><line number="388" hits="7" branch="false"/><line number="390" hits="7" branch="false"/><line number="391" hits="7" branch="true" condition-coverage="50% (1/2)"><conditions><condition number="0" type="jump" coverage="50%"/></conditions></line><line number="393" hits="7" branch="false"/><line number="397" hits="1" branch="false"/><line number="398" hits="1" branch="true" condition-coverage="50% (1/2)"><conditions><condition number="0" type="jump" coverage="50%"/></conditions></line><line number="400" hits="1" branch="false"/><line number="401" hits="1" branch="true" condition-coverage="50% (1/2)"><conditions><condition number="0" type="jump" coverage="50%"/></conditions></line><line number="403" hits="1" branch="false"/></lines></class><class name="test_internal_fragmentation_c" filename="tests/test_internal_fragmentation.c" line-rate="1.0" branch-rate="0.6666666666666666" complexity="0.0"><methods/><lines><line number="139" hits="1" branch="false"/><line number="141" hits="1" branch="false"/><line number="143" hits="1" branch="false"/><line number="144" hits="1" branch="true" condition-coverage="50% (1/2)"><conditions><condition number="0" type="jump" coverage="50%"/></conditions></line><line number="146" hits="1" branch="false"/><line number="147" hits="1" branch="false"/><line number="163" hits="1" branch="false"/><line number="165" hits="1" branch="false"/><line number="167" hits="1" branch="false"/><line number="169" hits="1" branch="false"/><line number="178" hits="1" branch="false"/><line number="179" hits="1" branch="false"/><line number="180" hits="1" branch="false"/><line number="181" hits="1" branch="false"/><line number="183" hits="1" branch="false"/><line number="185" hits="15" branch="true" condition-coverage="100% (2/2)"><conditions><condition number="0" type="jump" coverage="100%"/></conditions></line><line number="187" hits="14" branch="false"/><line number="188" hits="14" branch="false"/><line number="189" hits="14" branch="true" condition-coverage="50% (1/2)"><conditions><condition number="0" type="jump" coverage="50%"/></conditions></line><line number="191" hits="14" branch="true" condition-coverage="50% (1/2)"><conditions><condition number="0" type="jump" coverage="50%"/></conditions></line><line number="193" hits="451" branch="true" condition-coverage="100% (2/2)"><conditions><condition number="0" type="jump" coverage="100%"/></conditions></line><line number="194" hits="437" branch="false"/><line number="196" hits="14" branch="false"/><line number="197" hits="14" branch="true" condition-coverage="50% (1/2)"><conditions><condition number="0" type="jump" coverage="50%"/></conditions></line><line number="200" hits="1" branch="false"/></lines></class><class name="test_linked_list_c" filename="tests/test_linked_list.c" line-rate="0.9444444444444444" branch-rate="0.6818181818181818" complexity="0.0"><methods/><lines><line number="151" hits="1" branch="false"/><line number="153" hits="1" branch="false"/><line number="155" hits="1" branch="false"/><line number="156" hits="1" branch="false"/><line number="157" hits="1" branch="false"/><line number="158" hits="1" branch="false"/><line number="160" hits="1" branch="false"/><line number="162" hits="6" branch="true" condition-coverage="100% (2/2)"><conditions><condition number="0" type="jump" coverage="100%"/></conditions></line><line number="164" hits="5" branch="false"/><line number="165" hits="5" branch="true" condition-coverage="50% (1/2)"><conditions><condition number="0" type="jump" coverage="50%"/></conditions></line><line number="167" hits="5" branch="false"/><line number="168" hits="5" branch="false"/><line number="169" hits="5" branch="false"/><line number="172" hits="1" branch="false"/><line number="173" hits="1" branch="false"/><line number="174" hits="1" branch="true" condition-coverage="50% (1/2)"><conditions><condition number="0" type="jump" coverage="50%"/></conditions></line><line number="176" hits="1" branch="false"/><line number="177" hits="1" branch="true" condition-coverage="50% (1/2)"><conditions><condition number="0" type="jump" coverage="50%"/></conditions></line><line number="179" hits="1" branch="false"/><line number="180" hits="1" branch="false"/><line number="181" hits="1" branch="true" condition-coverage="50% (1/2)"><conditions><condition number="0" type="jump" coverage="50%"/></conditions></line><line number="183" hits="6" branch="true" condition-coverage="100% (2/2)"><conditions><condition number="0" type="jump" coverage="100%"/></conditions></line><line number="185" hits="5" branch="false"/><line number="186" hits="5" branch="false"/><line number="187" hits="5" branch="true" condition-coverage="50% (1/2)"><conditions><condition number="0" type="jump" coverage="50%"/></conditions></line><line number="188" hits="5" branch="false"/><line number="191" hits="1" branch="false"/><line number="210" hits="1" branch="false"/><line number="212" hits="1" branch="false"/><line number="213" hits="1" branch="false"/><line number="214" hits="1" branch="false"/><line number="216" hits="1" branch="true" condition-coverage="50% (1/2)"><conditions><condition number="0" type="jump" coverage="50%"/></conditions></line><line number="217" hits="0" branch="false"/><line number="219" hits="1" branch="false"/><line number="221" hits="6" branch="true" condition-coverage="100% (2/2)"><conditions><condition number="0" type="jump" coverage="100%"/></conditions></line><line number="223" hits="5" branch="false"/><line number="224" hits="5" branch="false"/><line number="225" hits="5" branch="false"/><line number="226" hits="5" branch="false"/><line number="229" hits="1" branch="false"/><line number="230" hits="1" branch="false"/><line number="245" hits="2" branch="false"/><line number="247" hits="2" branch="false"/><line number="249" hits="2" branch="false"/><line number="251" hits="2" branch="true" condition-coverage="50% (1/2)"><conditions><condition number="0" type="jump" coverage="50%"/></conditions></line><line number="253" hits="0" branch="false"/><line number="254" hits="0" branch="false"/><line number="257" hits="2" branch="false"/><line number="259" hits="12" branch="true" condition-coverage="100% (2/2)"><conditions><condition number="0" type="jump" coverage="100%"/></conditions></line><line number="261" hits="10" branch="false"/><line number="262" hits="10" branch="false"/><line number="265" hits="2" branch="false"/><line number="267" hits="2" branch="false"/><line number="268" hits="2" branch="false"/></lines></class><class name="test_max_heap_c" filename="tests/test_max_heap.c" line-rate="0.9333333333333333" branch-rate="0.75" complexity="0.0"><methods/><lines><line number="112" hits="1" branch="false"/><line number="114" hits="1" branch="false"/><line number="116" hits="1" branch="false"/><line number="120" hits="1" branch="false"/><line number="121" hits="1" branch="false"/><line number="123" hits="1001" branch="true" condition-coverage="100% (2/2)"><conditions><condition number="0" type="jump" coverage="100%"/></conditions></line><line number="125" hits="1000" branch="false"/><line number="126" hits="1000" branch="true" condition-coverage="50% (1/2)"><conditions><condition number="0" type="jump" coverage="50%"/></conditions></line><line number="127" hits="0" branch="false"/><line number="129" hits="1000" branch="false"/><line number="132" hits="1" branch="false"/><line number="136" hits="1001" branch="true" condition-coverage="100% (2/2)"><conditions><condition number="0" type="jump" coverage="100%"/></conditions></line><line number="138" hits="1000" branch="false"/><line number="139" hits="1000" branch="true" condition-coverage="50% (1/2)"><conditions><condition number="0" type="jump" coverage="50%"/></conditions></line><line number="142" hits="1" branch="false"/></lines></class><class name="test_memalloc_c" filename="tests/test_memalloc.c" line-rate="1.0" branch-rate="0.53125" complexity="0.0"><methods/><lines><line number="163" hits="1" branch="false"/><line number="165" hits="1" branch="false"/><line number="167" hits="1" branch="false"/><line number="168" hits="1" branch="true" condition-coverage="50% (1/2)"><conditions><condition number="0" type="jump" coverage="50%"/></conditions></line><line number="170" hits="1" branch="false"/><line number="171" hits="1" branch="true" condition-coverage="50% (1/2)"><conditions><condition number="0" type="jump" coverage="50%"/></conditions></line><line number="173" hits="1" branch="false"/><line number="174" hits="1" branch="true" condition-coverage="50% (1/2)"><conditions><condition number="0" type="jump" coverage="50%"/></conditions></line><line number="176" hits="1" branch="false"/><line number="177" hits="1" branch="true" condition-coverage="50% (1/2)"><conditions><condition number="0" type="jump" coverage="50%"/></conditions></line><line number="179" hits="1" branch="false"/><line number="181" hits="1" branch="false"/><line number="199" hits="1" branch="false"/><line number="201" hits="1" branch="false"/><line number="203" hits="1" branch="false"/><line number="205" hits="1" branch="false"/><line number="206" hits="1" branch="true" condition-coverage="50% (1/2)"><conditions><condition number="0" type="jump" coverage="50%"/></conditions></line><line number="208" hits="1" branch="false"/><line number="210" hits="1" branch="false"/><line number="211" hits="1" branch="true" condition-coverage="50% (1/2)"><conditions><condition number="0" type="jump" coverage="50%"/></conditions></line><line number="213" hits="1" branch="false"/><line number="226" hits="1" branch="false"/><line number="228" hits="1" branch="false"/><line number="230" hits="1" branch="false"/><line number="232" hits="1" branch="false"/><line number="234" hits="1" branch="false"/><line number="235" hits="1" branch="true" condition-coverage="50% (1/2)"><conditions><condition number="0" type="jump" coverage="50%"/></conditions></line><line number="237" hits="11" branch="true" condition-coverage="100% (2/2)"><conditions><condition number="0" type="jump" coverage="100%"/></conditions></line><line number="239" hits="10" branch="true" condition-coverage="50% (1/2)"><conditions><condition number="0" type="jump" coverage="50%"/></conditions></line><line number="242" hits="1" branch="false"/><line number="243" hits="1" branch="true" condition-coverage="50% (1/2)"><conditions><condition number="0" type="jump" coverage="50%"/></conditions></line><line number="245" hits="1" branch="false"/><line number="258" hits="1" branch="false"/><line number="260" hits="1" branch="false"/><line number="262" hits="1" branch="false"/><line number="263" hits="1" branch="false"/><line number="265" hits="1" branch="false"/><line number="266" hits="1" branch="true" condition-coverage="50% (1/2)"><conditions><condition number="0" type="jump" coverage="50%"/></conditions></line><line number="268" hits="1" branch="false"/><line number="270" hits="1" branch="false"/><line number="271" hits="1" branch="true" condition-coverage="50% (1/2)"><conditions><condition number="0" type="jump" coverage="50%"/></conditions></line><line number="273" hits="1" branch="true" condition-coverage="50% (1/2)"><conditions><condition number="0" type="jump" coverage="50%"/></conditions></line><line number="275" hits="1" branch="false"/><line number="276" hits="1" branch="true" condition-coverage="50% (1/2)"><conditions><condition number="0" type="jump" coverage="50%"/></conditions></line><line number="278" hits="1" branch="false"/><line number="292" hits="1" branch="false"/><line number="294" hits="1" branch="false"/><line number="296" hits="1" branch="false"/><line number="297" hits="1" branch="true" condition-coverage="50% (1/2)"><conditions><condition number="0" type="jump" coverage="50%"/></conditions></line><line number="299" hits="1" branch="true" condition-coverage="50% (1/2)"><conditions><condition number="0" type="jump" coverage="50%"/></conditions></line><line number="301" hits="1" branch="false"/></lines></class><class name="test_multi_strategy_c" filename="tests/test_multi_strategy.c" line-rate="1.0" branch-rate="0.5" complexity="0.0"><methods/><lines><line number="134" hits="1" branch="false"/><line number="136" hits="1" branch="false"/><line number="138" hits="1" branch="false"/><line number="140" hits="1" branch="true" condition-coverage="50% (1/2)"><conditions><condition number="0" type="jump" coverage="50%"/></conditions></line><line number="142" hits="1" branch="false"/><line number="143" hits="1" branch="false"/><line number="159" hits="1" branch="false"/><line number="161" hits="1" branch="false"/><line number="163" hits="1" branch="false"/><line number="165" hits="1" branch="false"/><line number="166" hits="1" branch="true" condition-coverage="50% (1/2)"><conditions><condition number="0" type="jump" coverage="50%"/></conditions></line><line number="167" hits="1" branch="false"/><line number="169" hits="1" branch="false"/><line number="170" hits="1" branch="true" condition-coverage="50% (1/2)"><conditions><condition number="0" type="jump" coverage="50%"/></conditions></line><line number="172" hits="1" branch="false"/><line number="173" hits="1" branch="true" condition-coverage="50% (1/2)"><conditions><condition number="0" type="jump" coverage="50%"/></conditions></line><line number="174" hits="1" branch="false"/><line number="176" hits="1" branch="false"/><line number="177" hits="1" branch="true" condition-coverage="50% (1/2)"><conditions><condition number="0" type="jump" coverage="50%"/></conditions></line><line number="179" hits="1" branch="false"/><line number="180" hits="1" branch="true" condition-coverage="50% (1/2)"><conditions><condition number="0" type="jump" coverage="50%"/></conditions></line><line number="182" hits="1" branch="false"/><line number="183" hits="1" branch="false"/><line number="184" hits="1" branch="true" condition-coverage="50% (1/2)"><conditions><condition number="0" type="jump" coverage="50%"/></conditions></line><line number="186" hits="1" branch="false"/></lines></class><class name="test_realloc_c" filename="tests/test_realloc.c" line-rate="1.0" branch-rate="0.5" complexity="0.0"><methods/><lines><line number="158" hits="1" branch="false"/><line number="160" hits="1" branch="false"/><line number="161" hits="1" branch="true" condition-coverage="50% (1/2)"><conditions><condition number="0" type="jump" coverage="50%"/></conditions></line><line number="163" hits="1" branch="false"/><line number="164" hits="1" branch="false"/><line number="182" hits="1" branch="false"/><line number="184" hits="1" branch="false"/><line number="186" hits="1" branch="false"/><line number="187" hits="1" branch="false"/><line number="188" hits="1" branch="false"/><line number="189" hits="1" branch="false"/><line number="191" hits="1" branch="false"/><line number="193" hits="1" branch="false"/><line number="195" hits="1" branch="false"/><line number="197" hits="1" branch="true" condition-coverage="50% (1/2)"><conditions><condition number="0" type="jump" coverage="50%"/></conditions></line><line number="199" hits="1" branch="false"/><line number="201" hits="1" branch="true" condition-coverage="50% (1/2)"><conditions><condition number="0" type="jump" coverage="50%"/></conditions></line><line number="203" hits="1" branch="false"/></lines></class></classes></package></packages></coverage>